2026-04-16 12:01:27 [main] INFO  com.eiousee.WebProjectApplication - Starting WebProjectApplication using Java 21.0.4 with PID 31268 (D:\JetBrains_Files\Java_Files\webProject\target\classes started by kiiz in D:\JetBrains_Files\Java_Files\webProject)
2026-04-16 12:01:27 [main] INFO  com.eiousee.WebProjectApplication - No active profile set, falling back to 1 default profile: "default"
2026-04-16 12:01:28 [main] INFO  o.s.boot.web.embedded.tomcat.TomcatWebServer - Tomcat initialized with port 80 (http)
2026-04-16 12:01:28 [main] INFO  org.apache.coyote.http11.Http11NioProtocol - Initializing ProtocolHandler ["http-nio-80"]
2026-04-16 12:01:28 [main] INFO  org.apache.catalina.core.StandardService - Starting service [Tomcat]
2026-04-16 12:01:28 [main] INFO  org.apache.catalina.core.StandardEngine - Starting Servlet engine: [Apache Tomcat/10.1.53]
2026-04-16 12:01:28 [main] INFO  o.a.c.core.ContainerBase.[Tomcat].[localhost].[/] - Initializing Spring embedded WebApplicationContext
2026-04-16 12:01:28 [main] INFO  o.s.b.w.s.c.ServletWebServerApplicationContext - Root WebApplicationContext: initialization completed in 975 ms
2026-04-16 12:01:29 [main] INFO  org.apache.coyote.http11.Http11NioProtocol - Starting ProtocolHandler ["http-nio-80"]
2026-04-16 12:01:29 [main] INFO  o.s.boot.web.embedded.tomcat.TomcatWebServer - Tomcat started on port 80 (http) with context path '/'
2026-04-16 12:01:29 [main] INFO  com.eiousee.WebProjectApplication - Started WebProjectApplication in 2.105 seconds (process running for 2.923)
2026-04-16 12:01:43 [http-nio-80-exec-1] INFO  o.a.c.core.ContainerBase.[Tomcat].[localhost].[/] - Initializing Spring DispatcherServlet 'dispatcherServlet'
2026-04-16 12:01:43 [http-nio-80-exec-1] INFO  org.springframework.web.servlet.DispatcherServlet - Initializing Servlet 'dispatcherServlet'
2026-04-16 12:01:43 [http-nio-80-exec-1] INFO  org.springframework.web.servlet.DispatcherServlet - Completed initialization in 1 ms
2026-04-16 12:02:14 [http-nio-80-exec-3] INFO  com.eiousee.controller.UploadController - 上传文件，参数：name=Tom, age=18, file=org.springframework.web.multipart.support.StandardMultipartHttpServletRequest$StandardMultipartFile@585b865e
2026-04-16 12:02:39 [SpringApplicationShutdownHook] INFO  o.s.boot.web.embedded.tomcat.GracefulShutdown - Commencing graceful shutdown. Waiting for active requests to complete
2026-04-16 12:02:39 [tomcat-shutdown] INFO  o.s.boot.web.embedded.tomcat.GracefulShutdown - Graceful shutdown complete
2026-04-16 12:02:39 [SpringApplicationShutdownHook] INFO  com.alibaba.druid.pool.DruidDataSource - {dataSource-0} closing ...
2026-04-16 12:02:42 [main] INFO  com.eiousee.WebProjectApplication - Starting WebProjectApplication using Java 21.0.4 with PID 27600 (D:\JetBrains_Files\Java_Files\webProject\target\classes started by kiiz in D:\JetBrains_Files\Java_Files\webProject)
2026-04-16 12:02:42 [main] INFO  com.eiousee.WebProjectApplication - No active profile set, falling back to 1 default profile: "default"
2026-04-16 12:02:43 [main] INFO  o.s.boot.web.embedded.tomcat.TomcatWebServer - Tomcat initialized with port 80 (http)
2026-04-16 12:02:43 [main] INFO  org.apache.coyote.http11.Http11NioProtocol - Initializing ProtocolHandler ["http-nio-80"]
2026-04-16 12:02:43 [main] INFO  org.apache.catalina.core.StandardService - Starting service [Tomcat]
2026-04-16 12:02:43 [main] INFO  org.apache.catalina.core.StandardEngine - Starting Servlet engine: [Apache Tomcat/10.1.53]
2026-04-16 12:02:43 [main] INFO  o.a.c.core.ContainerBase.[Tomcat].[localhost].[/] - Initializing Spring embedded WebApplicationContext
2026-04-16 12:02:43 [main] INFO  o.s.b.w.s.c.ServletWebServerApplicationContext - Root WebApplicationContext: initialization completed in 959 ms
2026-04-16 12:02:44 [main] INFO  org.apache.coyote.http11.Http11NioProtocol - Starting ProtocolHandler ["http-nio-80"]
2026-04-16 12:02:44 [main] INFO  o.s.boot.web.embedded.tomcat.TomcatWebServer - Tomcat started on port 80 (http) with context path '/'
2026-04-16 12:02:44 [main] INFO  com.eiousee.WebProjectApplication - Started WebProjectApplication in 2.005 seconds (process running for 3.195)
2026-04-16 12:02:52 [http-nio-80-exec-1] INFO  o.a.c.core.ContainerBase.[Tomcat].[localhost].[/] - Initializing Spring DispatcherServlet 'dispatcherServlet'
2026-04-16 12:02:52 [http-nio-80-exec-1] INFO  org.springframework.web.servlet.DispatcherServlet - Initializing Servlet 'dispatcherServlet'
2026-04-16 12:02:52 [http-nio-80-exec-1] INFO  org.springframework.web.servlet.DispatcherServlet - Completed initialization in 0 ms
2026-04-16 12:03:58 [http-nio-80-exec-1] INFO  com.eiousee.controller.UploadController - 上传文件，参数：name=Tom, age=18, file=org.springframework.web.multipart.support.StandardMultipartHttpServletRequest$StandardMultipartFile@725bfdd7
2026-04-16 12:49:14 [SpringApplicationShutdownHook] INFO  o.s.boot.web.embedded.tomcat.GracefulShutdown - Commencing graceful shutdown. Waiting for active requests to complete
2026-04-16 12:49:14 [tomcat-shutdown] INFO  o.s.boot.web.embedded.tomcat.GracefulShutdown - Graceful shutdown complete
2026-04-16 12:49:14 [SpringApplicationShutdownHook] INFO  com.alibaba.druid.pool.DruidDataSource - {dataSource-0} closing ...
2026-04-16 12:49:18 [main] INFO  com.eiousee.WebProjectApplication - Starting WebProjectApplication using Java 21.0.4 with PID 30752 (D:\JetBrains_Files\Java_Files\webProject\target\classes started by kiiz in D:\JetBrains_Files\Java_Files\webProject)
2026-04-16 12:49:18 [main] INFO  com.eiousee.WebProjectApplication - No active profile set, falling back to 1 default profile: "default"
2026-04-16 12:49:19 [main] INFO  o.s.boot.web.embedded.tomcat.TomcatWebServer - Tomcat initialized with port 80 (http)
2026-04-16 12:49:19 [main] INFO  org.apache.coyote.http11.Http11NioProtocol - Initializing ProtocolHandler ["http-nio-80"]
2026-04-16 12:49:19 [main] INFO  org.apache.catalina.core.StandardService - Starting service [Tomcat]
2026-04-16 12:49:19 [main] INFO  org.apache.catalina.core.StandardEngine - Starting Servlet engine: [Apache Tomcat/10.1.53]
2026-04-16 12:49:19 [main] INFO  o.a.c.core.ContainerBase.[Tomcat].[localhost].[/] - Initializing Spring embedded WebApplicationContext
2026-04-16 12:49:19 [main] INFO  o.s.b.w.s.c.ServletWebServerApplicationContext - Root WebApplicationContext: initialization completed in 1038 ms
2026-04-16 12:49:20 [main] INFO  org.apache.coyote.http11.Http11NioProtocol - Starting ProtocolHandler ["http-nio-80"]
2026-04-16 12:49:20 [main] INFO  o.s.boot.web.embedded.tomcat.TomcatWebServer - Tomcat started on port 80 (http) with context path '/'
2026-04-16 12:49:20 [main] INFO  com.eiousee.WebProjectApplication - Started WebProjectApplication in 2.227 seconds (process running for 3.179)
2026-04-16 12:49:31 [http-nio-80-exec-1] INFO  o.a.c.core.ContainerBase.[Tomcat].[localhost].[/] - Initializing Spring DispatcherServlet 'dispatcherServlet'
2026-04-16 12:49:31 [http-nio-80-exec-1] INFO  org.springframework.web.servlet.DispatcherServlet - Initializing Servlet 'dispatcherServlet'
2026-04-16 12:49:31 [http-nio-80-exec-1] INFO  org.springframework.web.servlet.DispatcherServlet - Completed initialization in 0 ms
2026-04-16 12:49:39 [http-nio-80-exec-3] INFO  com.eiousee.controller.UploadController - 上传文件，参数：name=Tom, age=18, file=org.springframework.web.multipart.support.StandardMultipartHttpServletRequest$StandardMultipartFile@27e2d8ea
2026-04-16 12:58:56 [SpringApplicationShutdownHook] INFO  o.s.boot.web.embedded.tomcat.GracefulShutdown - Commencing graceful shutdown. Waiting for active requests to complete
2026-04-16 12:58:56 [tomcat-shutdown] INFO  o.s.boot.web.embedded.tomcat.GracefulShutdown - Graceful shutdown complete
2026-04-16 12:58:56 [SpringApplicationShutdownHook] INFO  com.alibaba.druid.pool.DruidDataSource - {dataSource-0} closing ...
2026-04-16 12:59:00 [main] INFO  com.eiousee.WebProjectApplication - Starting WebProjectApplication using Java 21.0.4 with PID 33780 (D:\JetBrains_Files\Java_Files\webProject\target\classes started by kiiz in D:\JetBrains_Files\Java_Files\webProject)
2026-04-16 12:59:00 [main] INFO  com.eiousee.WebProjectApplication - No active profile set, falling back to 1 default profile: "default"
2026-04-16 12:59:01 [main] INFO  o.s.boot.web.embedded.tomcat.TomcatWebServer - Tomcat initialized with port 80 (http)
2026-04-16 12:59:01 [main] INFO  org.apache.coyote.http11.Http11NioProtocol - Initializing ProtocolHandler ["http-nio-80"]
2026-04-16 12:59:01 [main] INFO  org.apache.catalina.core.StandardService - Starting service [Tomcat]
2026-04-16 12:59:01 [main] INFO  org.apache.catalina.core.StandardEngine - Starting Servlet engine: [Apache Tomcat/10.1.53]
2026-04-16 12:59:01 [main] INFO  o.a.c.core.ContainerBase.[Tomcat].[localhost].[/] - Initializing Spring embedded WebApplicationContext
2026-04-16 12:59:01 [main] INFO  o.s.b.w.s.c.ServletWebServerApplicationContext - Root WebApplicationContext: initialization completed in 935 ms
2026-04-16 12:59:02 [main] INFO  org.apache.coyote.http11.Http11NioProtocol - Starting ProtocolHandler ["http-nio-80"]
2026-04-16 12:59:02 [main] INFO  o.s.boot.web.embedded.tomcat.TomcatWebServer - Tomcat started on port 80 (http) with context path '/'
2026-04-16 12:59:02 [main] INFO  com.eiousee.WebProjectApplication - Started WebProjectApplication in 2.021 seconds (process running for 2.815)
2026-04-16 13:02:35 [http-nio-80-exec-3] INFO  o.a.c.core.ContainerBase.[Tomcat].[localhost].[/] - Initializing Spring DispatcherServlet 'dispatcherServlet'
2026-04-16 13:02:35 [http-nio-80-exec-3] INFO  org.springframework.web.servlet.DispatcherServlet - Initializing Servlet 'dispatcherServlet'
2026-04-16 13:02:35 [http-nio-80-exec-3] INFO  org.springframework.web.servlet.DispatcherServlet - Completed initialization in 1 ms
2026-04-16 13:02:35 [http-nio-80-exec-3] INFO  com.eiousee.controller.UploadController - 上传文件，参数：name=Tom, age=18, file=org.springframework.web.multipart.support.StandardMultipartHttpServletRequest$StandardMultipartFile@2f9f7993
2026-04-16 14:25:19 [SpringApplicationShutdownHook] INFO  o.s.boot.web.embedded.tomcat.GracefulShutdown - Commencing graceful shutdown. Waiting for active requests to complete
2026-04-16 14:25:19 [tomcat-shutdown] INFO  o.s.boot.web.embedded.tomcat.GracefulShutdown - Graceful shutdown complete
2026-04-16 14:25:19 [SpringApplicationShutdownHook] INFO  com.alibaba.druid.pool.DruidDataSource - {dataSource-0} closing ...
2026-04-16 15:12:55 [main] INFO  com.eiousee.WebProjectApplication - Starting WebProjectApplication using Java 21.0.4 with PID 16240 (D:\JetBrains_Files\Java_Files\webProject\target\classes started by kiiz in D:\JetBrains_Files\Java_Files\webProject)
2026-04-16 15:12:55 [main] INFO  com.eiousee.WebProjectApplication - No active profile set, falling back to 1 default profile: "default"
2026-04-16 15:12:56 [main] INFO  o.s.boot.web.embedded.tomcat.TomcatWebServer - Tomcat initialized with port 80 (http)
2026-04-16 15:12:56 [main] INFO  org.apache.coyote.http11.Http11NioProtocol - Initializing ProtocolHandler ["http-nio-80"]
2026-04-16 15:12:56 [main] INFO  org.apache.catalina.core.StandardService - Starting service [Tomcat]
2026-04-16 15:12:56 [main] INFO  org.apache.catalina.core.StandardEngine - Starting Servlet engine: [Apache Tomcat/10.1.53]
2026-04-16 15:12:56 [main] INFO  o.a.c.core.ContainerBase.[Tomcat].[localhost].[/] - Initializing Spring embedded WebApplicationContext
2026-04-16 15:12:56 [main] INFO  o.s.b.w.s.c.ServletWebServerApplicationContext - Root WebApplicationContext: initialization completed in 948 ms
2026-04-16 15:12:57 [main] INFO  org.apache.coyote.http11.Http11NioProtocol - Starting ProtocolHandler ["http-nio-80"]
2026-04-16 15:12:57 [main] INFO  o.s.boot.web.embedded.tomcat.TomcatWebServer - Tomcat started on port 80 (http) with context path '/'
2026-04-16 15:12:57 [main] INFO  com.eiousee.WebProjectApplication - Started WebProjectApplication in 2.066 seconds (process running for 2.85)
2026-04-16 15:13:10 [http-nio-80-exec-3] INFO  o.a.c.core.ContainerBase.[Tomcat].[localhost].[/] - Initializing Spring DispatcherServlet 'dispatcherServlet'
2026-04-16 15:13:10 [http-nio-80-exec-3] INFO  org.springframework.web.servlet.DispatcherServlet - Initializing Servlet 'dispatcherServlet'
2026-04-16 15:13:10 [http-nio-80-exec-3] INFO  org.springframework.web.servlet.DispatcherServlet - Completed initialization in 1 ms
2026-04-16 15:13:10 [http-nio-80-exec-3] INFO  com.eiousee.controller.UploadController - 上传文件，参数：name=Tom, age=18, file=org.springframework.web.multipart.support.StandardMultipartHttpServletRequest$StandardMultipartFile@109649ba
2026-04-16 15:16:50 [SpringApplicationShutdownHook] INFO  o.s.boot.web.embedded.tomcat.GracefulShutdown - Commencing graceful shutdown. Waiting for active requests to complete
2026-04-16 15:16:50 [tomcat-shutdown] INFO  o.s.boot.web.embedded.tomcat.GracefulShutdown - Graceful shutdown complete
2026-04-16 15:16:50 [SpringApplicationShutdownHook] INFO  com.alibaba.druid.pool.DruidDataSource - {dataSource-0} closing ...
2026-04-16 15:16:54 [main] INFO  com.eiousee.WebProjectApplication - Starting WebProjectApplication using Java 21.0.4 with PID 28016 (D:\JetBrains_Files\Java_Files\webProject\target\classes started by kiiz in D:\JetBrains_Files\Java_Files\webProject)
2026-04-16 15:16:54 [main] INFO  com.eiousee.WebProjectApplication - No active profile set, falling back to 1 default profile: "default"
2026-04-16 15:16:55 [main] INFO  o.s.boot.web.embedded.tomcat.TomcatWebServer - Tomcat initialized with port 80 (http)
2026-04-16 15:16:55 [main] INFO  org.apache.coyote.http11.Http11NioProtocol - Initializing ProtocolHandler ["http-nio-80"]
2026-04-16 15:16:55 [main] INFO  org.apache.catalina.core.StandardService - Starting service [Tomcat]
2026-04-16 15:16:55 [main] INFO  org.apache.catalina.core.StandardEngine - Starting Servlet engine: [Apache Tomcat/10.1.53]
2026-04-16 15:16:55 [main] INFO  o.a.c.core.ContainerBase.[Tomcat].[localhost].[/] - Initializing Spring embedded WebApplicationContext
2026-04-16 15:16:55 [main] INFO  o.s.b.w.s.c.ServletWebServerApplicationContext - Root WebApplicationContext: initialization completed in 829 ms
2026-04-16 15:16:55 [main] INFO  org.apache.coyote.http11.Http11NioProtocol - Starting ProtocolHandler ["http-nio-80"]
2026-04-16 15:16:55 [main] INFO  o.s.boot.web.embedded.tomcat.TomcatWebServer - Tomcat started on port 80 (http) with context path '/'
2026-04-16 15:16:55 [main] INFO  com.eiousee.WebProjectApplication - Started WebProjectApplication in 1.725 seconds (process running for 2.38)
2026-04-16 15:17:05 [http-nio-80-exec-1] INFO  o.a.c.core.ContainerBase.[Tomcat].[localhost].[/] - Initializing Spring DispatcherServlet 'dispatcherServlet'
2026-04-16 15:17:05 [http-nio-80-exec-1] INFO  org.springframework.web.servlet.DispatcherServlet - Initializing Servlet 'dispatcherServlet'
2026-04-16 15:17:05 [http-nio-80-exec-1] INFO  org.springframework.web.servlet.DispatcherServlet - Completed initialization in 1 ms
2026-04-16 15:17:05 [http-nio-80-exec-1] INFO  com.eiousee.controller.UploadController - 上传文件，参数：name=Tom, age=18, file=org.springframework.web.multipart.support.StandardMultipartHttpServletRequest$StandardMultipartFile@7dfa9cad
2026-04-16 15:22:36 [SpringApplicationShutdownHook] INFO  o.s.boot.web.embedded.tomcat.GracefulShutdown - Commencing graceful shutdown. Waiting for active requests to complete
2026-04-16 15:22:36 [tomcat-shutdown] INFO  o.s.boot.web.embedded.tomcat.GracefulShutdown - Graceful shutdown complete
2026-04-16 15:22:36 [SpringApplicationShutdownHook] INFO  com.alibaba.druid.pool.DruidDataSource - {dataSource-0} closing ...
2026-04-16 15:22:39 [main] INFO  com.eiousee.WebProjectApplication - Starting WebProjectApplication using Java 21.0.4 with PID 35208 (D:\JetBrains_Files\Java_Files\webProject\target\classes started by kiiz in D:\JetBrains_Files\Java_Files\webProject)
2026-04-16 15:22:39 [main] INFO  com.eiousee.WebProjectApplication - No active profile set, falling back to 1 default profile: "default"
2026-04-16 15:22:40 [main] INFO  o.s.boot.web.embedded.tomcat.TomcatWebServer - Tomcat initialized with port 80 (http)
2026-04-16 15:22:40 [main] INFO  org.apache.coyote.http11.Http11NioProtocol - Initializing ProtocolHandler ["http-nio-80"]
2026-04-16 15:22:40 [main] INFO  org.apache.catalina.core.StandardService - Starting service [Tomcat]
2026-04-16 15:22:40 [main] INFO  org.apache.catalina.core.StandardEngine - Starting Servlet engine: [Apache Tomcat/10.1.53]
2026-04-16 15:22:40 [main] INFO  o.a.c.core.ContainerBase.[Tomcat].[localhost].[/] - Initializing Spring embedded WebApplicationContext
2026-04-16 15:22:40 [main] INFO  o.s.b.w.s.c.ServletWebServerApplicationContext - Root WebApplicationContext: initialization completed in 826 ms
2026-04-16 15:22:41 [main] INFO  org.apache.coyote.http11.Http11NioProtocol - Starting ProtocolHandler ["http-nio-80"]
2026-04-16 15:22:41 [main] INFO  o.s.boot.web.embedded.tomcat.TomcatWebServer - Tomcat started on port 80 (http) with context path '/'
2026-04-16 15:22:41 [main] INFO  com.eiousee.WebProjectApplication - Started WebProjectApplication in 1.75 seconds (process running for 2.397)
2026-04-16 15:23:38 [SpringApplicationShutdownHook] INFO  o.s.boot.web.embedded.tomcat.GracefulShutdown - Commencing graceful shutdown. Waiting for active requests to complete
2026-04-16 15:23:38 [tomcat-shutdown] INFO  o.s.boot.web.embedded.tomcat.GracefulShutdown - Graceful shutdown complete
2026-04-16 15:23:38 [SpringApplicationShutdownHook] INFO  com.alibaba.druid.pool.DruidDataSource - {dataSource-0} closing ...
2026-04-16 15:23:42 [main] INFO  com.eiousee.WebProjectApplication - Starting WebProjectApplication using Java 21.0.4 with PID 29820 (D:\JetBrains_Files\Java_Files\webProject\target\classes started by kiiz in D:\JetBrains_Files\Java_Files\webProject)
2026-04-16 15:23:42 [main] INFO  com.eiousee.WebProjectApplication - No active profile set, falling back to 1 default profile: "default"
2026-04-16 15:23:43 [main] INFO  o.s.boot.web.embedded.tomcat.TomcatWebServer - Tomcat initialized with port 80 (http)
2026-04-16 15:23:43 [main] INFO  org.apache.coyote.http11.Http11NioProtocol - Initializing ProtocolHandler ["http-nio-80"]
2026-04-16 15:23:43 [main] INFO  org.apache.catalina.core.StandardService - Starting service [Tomcat]
2026-04-16 15:23:43 [main] INFO  org.apache.catalina.core.StandardEngine - Starting Servlet engine: [Apache Tomcat/10.1.53]
2026-04-16 15:23:43 [main] INFO  o.a.c.core.ContainerBase.[Tomcat].[localhost].[/] - Initializing Spring embedded WebApplicationContext
2026-04-16 15:23:43 [main] INFO  o.s.b.w.s.c.ServletWebServerApplicationContext - Root WebApplicationContext: initialization completed in 824 ms
2026-04-16 15:23:43 [main] INFO  org.apache.coyote.http11.Http11NioProtocol - Starting ProtocolHandler ["http-nio-80"]
2026-04-16 15:23:43 [main] INFO  o.s.boot.web.embedded.tomcat.TomcatWebServer - Tomcat started on port 80 (http) with context path '/'
2026-04-16 15:23:43 [main] INFO  com.eiousee.WebProjectApplication - Started WebProjectApplication in 1.766 seconds (process running for 2.434)
2026-04-16 15:30:48 [http-nio-80-exec-1] INFO  o.a.c.core.ContainerBase.[Tomcat].[localhost].[/] - Initializing Spring DispatcherServlet 'dispatcherServlet'
2026-04-16 15:30:48 [http-nio-80-exec-1] INFO  org.springframework.web.servlet.DispatcherServlet - Initializing Servlet 'dispatcherServlet'
2026-04-16 15:30:48 [http-nio-80-exec-1] INFO  org.springframework.web.servlet.DispatcherServlet - Completed initialization in 0 ms
2026-04-16 15:30:50 [http-nio-80-exec-4] INFO  com.eiousee.controller.JobController - 查询职位列表
2026-04-16 15:30:50 [http-nio-80-exec-3] INFO  com.eiousee.controller.DeptController - 查询所有部门数据
2026-04-16 15:30:50 [http-nio-80-exec-5] INFO  com.eiousee.controller.EmpController - 查询员工列表，参数：EmpQueryParam(name=, sex=, begin=null, end=null, page=1, pageSize=10)
2026-04-16 15:30:50 [http-nio-80-exec-3] INFO  com.alibaba.druid.pool.DruidDataSource - {dataSource-1} inited
2026-04-16 15:34:11 [SpringApplicationShutdownHook] INFO  o.s.boot.web.embedded.tomcat.GracefulShutdown - Commencing graceful shutdown. Waiting for active requests to complete
2026-04-16 15:34:11 [tomcat-shutdown] INFO  o.s.boot.web.embedded.tomcat.GracefulShutdown - Graceful shutdown complete
2026-04-16 15:34:11 [SpringApplicationShutdownHook] INFO  com.alibaba.druid.pool.DruidDataSource - {dataSource-1} closing ...
2026-04-16 15:34:11 [SpringApplicationShutdownHook] INFO  com.alibaba.druid.pool.DruidDataSource - {dataSource-1} closed
2026-04-16 15:34:14 [main] INFO  com.eiousee.WebProjectApplication - Starting WebProjectApplication using Java 21.0.4 with PID 25796 (D:\JetBrains_Files\Java_Files\webProject\target\classes started by kiiz in D:\JetBrains_Files\Java_Files\webProject)
2026-04-16 15:34:14 [main] INFO  com.eiousee.WebProjectApplication - No active profile set, falling back to 1 default profile: "default"
2026-04-16 15:34:15 [main] INFO  o.s.boot.web.embedded.tomcat.TomcatWebServer - Tomcat initialized with port 80 (http)
2026-04-16 15:34:15 [main] INFO  org.apache.coyote.http11.Http11NioProtocol - Initializing ProtocolHandler ["http-nio-80"]
2026-04-16 15:34:15 [main] INFO  org.apache.catalina.core.StandardService - Starting service [Tomcat]
2026-04-16 15:34:15 [main] INFO  org.apache.catalina.core.StandardEngine - Starting Servlet engine: [Apache Tomcat/10.1.53]
2026-04-16 15:34:15 [main] INFO  o.a.c.core.ContainerBase.[Tomcat].[localhost].[/] - Initializing Spring embedded WebApplicationContext
2026-04-16 15:34:15 [main] INFO  o.s.b.w.s.c.ServletWebServerApplicationContext - Root WebApplicationContext: initialization completed in 883 ms
2026-04-16 15:34:15 [main] INFO  org.apache.coyote.http11.Http11NioProtocol - Starting ProtocolHandler ["http-nio-80"]
2026-04-16 15:34:15 [main] INFO  o.s.boot.web.embedded.tomcat.TomcatWebServer - Tomcat started on port 80 (http) with context path '/'
2026-04-16 15:34:15 [main] INFO  com.eiousee.WebProjectApplication - Started WebProjectApplication in 1.919 seconds (process running for 2.614)
2026-04-16 15:34:35 [http-nio-80-exec-1] INFO  o.a.c.core.ContainerBase.[Tomcat].[localhost].[/] - Initializing Spring DispatcherServlet 'dispatcherServlet'
2026-04-16 15:34:35 [http-nio-80-exec-1] INFO  org.springframework.web.servlet.DispatcherServlet - Initializing Servlet 'dispatcherServlet'
2026-04-16 15:34:35 [http-nio-80-exec-1] INFO  org.springframework.web.servlet.DispatcherServlet - Completed initialization in 1 ms
2026-04-16 15:34:36 [http-nio-80-exec-2] INFO  com.eiousee.controller.DeptController - 查询所有部门数据
2026-04-16 15:34:36 [http-nio-80-exec-3] INFO  com.eiousee.controller.JobController - 查询职位列表
2026-04-16 15:34:36 [http-nio-80-exec-4] INFO  com.eiousee.controller.EmpController - 查询员工列表，参数：EmpQueryParam(name=, sex=, begin=null, end=null, page=1, pageSize=10)
2026-04-16 15:34:36 [http-nio-80-exec-3] INFO  com.alibaba.druid.pool.DruidDataSource - {dataSource-1} inited
2026-04-16 15:34:38 [http-nio-80-exec-5] INFO  com.eiousee.controller.EmpController - 查询员工列表，参数：EmpQueryParam(name=, sex=, begin=null, end=null, page=2, pageSize=10)
2026-04-16 15:34:39 [http-nio-80-exec-6] INFO  com.eiousee.controller.EmpController - 查询员工列表，参数：EmpQueryParam(name=, sex=, begin=null, end=null, page=1, pageSize=10)
2026-04-16 15:35:00 [http-nio-80-exec-8] INFO  com.eiousee.controller.EmpController - 查询员工列表，参数：EmpQueryParam(name=, sex=, begin=null, end=null, page=2, pageSize=10)
2026-04-16 15:37:19 [SpringApplicationShutdownHook] INFO  o.s.boot.web.embedded.tomcat.GracefulShutdown - Commencing graceful shutdown. Waiting for active requests to complete
2026-04-16 15:37:19 [tomcat-shutdown] INFO  o.s.boot.web.embedded.tomcat.GracefulShutdown - Graceful shutdown complete
2026-04-16 15:37:19 [SpringApplicationShutdownHook] INFO  com.alibaba.druid.pool.DruidDataSource - {dataSource-1} closing ...
2026-04-16 15:37:19 [SpringApplicationShutdownHook] INFO  com.alibaba.druid.pool.DruidDataSource - {dataSource-1} closed
2026-04-16 15:37:21 [main] INFO  com.eiousee.WebProjectApplication - Starting WebProjectApplication using Java 21.0.4 with PID 17368 (D:\JetBrains_Files\Java_Files\webProject\target\classes started by kiiz in D:\JetBrains_Files\Java_Files\webProject)
2026-04-16 15:37:21 [main] INFO  com.eiousee.WebProjectApplication - No active profile set, falling back to 1 default profile: "default"
2026-04-16 15:37:22 [main] INFO  o.s.boot.web.embedded.tomcat.TomcatWebServer - Tomcat initialized with port 80 (http)
2026-04-16 15:37:22 [main] INFO  org.apache.coyote.http11.Http11NioProtocol - Initializing ProtocolHandler ["http-nio-80"]
2026-04-16 15:37:22 [main] INFO  org.apache.catalina.core.StandardService - Starting service [Tomcat]
2026-04-16 15:37:22 [main] INFO  org.apache.catalina.core.StandardEngine - Starting Servlet engine: [Apache Tomcat/10.1.53]
2026-04-16 15:37:22 [main] INFO  o.a.c.core.ContainerBase.[Tomcat].[localhost].[/] - Initializing Spring embedded WebApplicationContext
2026-04-16 15:37:22 [main] INFO  o.s.b.w.s.c.ServletWebServerApplicationContext - Root WebApplicationContext: initialization completed in 839 ms
2026-04-16 15:37:23 [main] INFO  org.apache.coyote.http11.Http11NioProtocol - Starting ProtocolHandler ["http-nio-80"]
2026-04-16 15:37:23 [main] INFO  o.s.boot.web.embedded.tomcat.TomcatWebServer - Tomcat started on port 80 (http) with context path '/'
2026-04-16 15:37:23 [main] INFO  com.eiousee.WebProjectApplication - Started WebProjectApplication in 1.778 seconds (process running for 2.399)
2026-04-16 15:37:29 [http-nio-80-exec-1] INFO  o.a.c.core.ContainerBase.[Tomcat].[localhost].[/] - Initializing Spring DispatcherServlet 'dispatcherServlet'
2026-04-16 15:37:29 [http-nio-80-exec-1] INFO  org.springframework.web.servlet.DispatcherServlet - Initializing Servlet 'dispatcherServlet'
2026-04-16 15:37:29 [http-nio-80-exec-1] INFO  org.springframework.web.servlet.DispatcherServlet - Completed initialization in 1 ms
2026-04-16 15:37:29 [http-nio-80-exec-5] INFO  com.eiousee.controller.JobController - 查询职位列表
2026-04-16 15:37:29 [http-nio-80-exec-2] INFO  com.eiousee.controller.DeptController - 查询所有部门数据
2026-04-16 15:37:29 [http-nio-80-exec-6] INFO  com.eiousee.controller.EmpController - 查询员工列表，参数：EmpQueryParam(name=, sex=, begin=null, end=null, page=1, pageSize=10)
2026-04-16 15:37:29 [http-nio-80-exec-5] INFO  com.alibaba.druid.pool.DruidDataSource - {dataSource-1} inited
2026-04-16 15:37:32 [http-nio-80-exec-3] INFO  com.eiousee.controller.EmpController - 查询员工列表，参数：EmpQueryParam(name=, sex=, begin=null, end=null, page=2, pageSize=10)
2026-04-16 15:37:42 [http-nio-80-exec-4] INFO  com.eiousee.controller.UploadController - 上传文件：org.springframework.web.multipart.support.StandardMultipartHttpServletRequest$StandardMultipartFile@130f0745
2026-04-16 15:38:21 [http-nio-80-exec-7] INFO  com.eiousee.controller.EmpController - 添加员工，参数：Employee(id=null, name=溟汐, birth=2001-01-01, sex=男, avatarPath=https://eiousee-java-web.oss-cn-beijing.aliyuncs.com/31ef5d8f-bd0c-4833-9670-278078fcd84c_eiousee.png, deptName=咨询部, jobName=主任, boardDate=2026-01-01, updateTime=null, empExpList=[])
2026-04-16 15:38:21 [http-nio-80-exec-7] DEBUG o.s.jdbc.support.JdbcTransactionManager - Creating new transaction with name [com.eiousee.service.impl.EmpServiceImpl.addEmp]: PROPAGATION_REQUIRED,ISOLATION_DEFAULT
2026-04-16 15:38:21 [http-nio-80-exec-7] DEBUG o.s.jdbc.support.JdbcTransactionManager - Acquired Connection [com.mysql.cj.jdbc.ConnectionImpl@44cb6985] for JDBC transaction
2026-04-16 15:38:21 [http-nio-80-exec-7] DEBUG o.s.jdbc.support.JdbcTransactionManager - Switching JDBC Connection [com.mysql.cj.jdbc.ConnectionImpl@44cb6985] to manual commit
2026-04-16 15:38:21 [http-nio-80-exec-7] DEBUG o.s.jdbc.support.JdbcTransactionManager - Initiating transaction commit
2026-04-16 15:38:21 [http-nio-80-exec-7] DEBUG o.s.jdbc.support.JdbcTransactionManager - Committing JDBC transaction on Connection [com.mysql.cj.jdbc.ConnectionImpl@44cb6985]
2026-04-16 15:38:21 [http-nio-80-exec-7] DEBUG o.s.jdbc.support.JdbcTransactionManager - Releasing JDBC Connection [com.mysql.cj.jdbc.ConnectionImpl@44cb6985] after transaction
2026-04-16 15:38:21 [http-nio-80-exec-8] INFO  com.eiousee.controller.EmpController - 查询员工列表，参数：EmpQueryParam(name=, sex=, begin=null, end=null, page=2, pageSize=10)
2026-04-16 15:47:08 [SpringApplicationShutdownHook] INFO  o.s.boot.web.embedded.tomcat.GracefulShutdown - Commencing graceful shutdown. Waiting for active requests to complete
2026-04-16 15:47:08 [tomcat-shutdown] INFO  o.s.boot.web.embedded.tomcat.GracefulShutdown - Graceful shutdown complete
2026-04-16 15:47:08 [SpringApplicationShutdownHook] INFO  com.alibaba.druid.pool.DruidDataSource - {dataSource-1} closing ...
2026-04-16 15:47:08 [SpringApplicationShutdownHook] INFO  com.alibaba.druid.pool.DruidDataSource - {dataSource-1} closed
2026-04-16 15:47:11 [main] INFO  com.eiousee.WebProjectApplication - Starting WebProjectApplication using Java 21.0.4 with PID 24704 (D:\JetBrains_Files\Java_Files\webProject\target\classes started by kiiz in D:\JetBrains_Files\Java_Files\webProject)
2026-04-16 15:47:11 [main] INFO  com.eiousee.WebProjectApplication - No active profile set, falling back to 1 default profile: "default"
2026-04-16 15:47:12 [main] INFO  o.s.boot.web.embedded.tomcat.TomcatWebServer - Tomcat initialized with port 80 (http)
2026-04-16 15:47:12 [main] INFO  org.apache.coyote.http11.Http11NioProtocol - Initializing ProtocolHandler ["http-nio-80"]
2026-04-16 15:47:12 [main] INFO  org.apache.catalina.core.StandardService - Starting service [Tomcat]
2026-04-16 15:47:12 [main] INFO  org.apache.catalina.core.StandardEngine - Starting Servlet engine: [Apache Tomcat/10.1.53]
2026-04-16 15:47:12 [main] INFO  o.a.c.core.ContainerBase.[Tomcat].[localhost].[/] - Initializing Spring embedded WebApplicationContext
2026-04-16 15:47:12 [main] INFO  o.s.b.w.s.c.ServletWebServerApplicationContext - Root WebApplicationContext: initialization completed in 871 ms
2026-04-16 15:47:13 [main] INFO  org.apache.coyote.http11.Http11NioProtocol - Starting ProtocolHandler ["http-nio-80"]
2026-04-16 15:47:13 [main] INFO  o.s.boot.web.embedded.tomcat.TomcatWebServer - Tomcat started on port 80 (http) with context path '/'
2026-04-16 15:47:13 [main] INFO  com.eiousee.WebProjectApplication - Started WebProjectApplication in 1.786 seconds (process running for 2.43)
2026-04-16 15:47:20 [http-nio-80-exec-1] INFO  o.a.c.core.ContainerBase.[Tomcat].[localhost].[/] - Initializing Spring DispatcherServlet 'dispatcherServlet'
2026-04-16 15:47:20 [http-nio-80-exec-1] INFO  org.springframework.web.servlet.DispatcherServlet - Initializing Servlet 'dispatcherServlet'
2026-04-16 15:47:20 [http-nio-80-exec-1] INFO  org.springframework.web.servlet.DispatcherServlet - Completed initialization in 1 ms
2026-04-16 15:47:20 [http-nio-80-exec-1] INFO  com.eiousee.controller.EmpController - 删除员工，参数：17
2026-04-16 15:47:20 [http-nio-80-exec-1] INFO  com.alibaba.druid.pool.DruidDataSource - {dataSource-1} inited
2026-04-16 15:47:20 [http-nio-80-exec-2] INFO  com.eiousee.controller.EmpController - 查询员工列表，参数：EmpQueryParam(name=, sex=, begin=null, end=null, page=2, pageSize=10)
2026-04-16 15:47:45 [http-nio-80-exec-3] INFO  com.eiousee.controller.UploadController - 上传文件：org.springframework.web.multipart.support.StandardMultipartHttpServletRequest$StandardMultipartFile@465328e3
2026-04-16 15:47:48 [http-nio-80-exec-4] INFO  com.eiousee.controller.EmpController - 添加员工，参数：Employee(id=null, name=溟汐, birth=2001-01-01, sex=男, avatarPath=https://eiousee-java-web.oss-cn-beijing.aliyuncs.com/bf307e64-a1de-43e9-8da3-bc88b97c86e6_eiousee.png, deptName=人事部, jobName=主任, boardDate=2026-01-01, updateTime=null, empExpList=[])
2026-04-16 15:47:48 [http-nio-80-exec-4] DEBUG o.s.jdbc.support.JdbcTransactionManager - Creating new transaction with name [com.eiousee.service.impl.EmpServiceImpl.addEmp]: PROPAGATION_REQUIRED,ISOLATION_DEFAULT
2026-04-16 15:47:48 [http-nio-80-exec-4] DEBUG o.s.jdbc.support.JdbcTransactionManager - Acquired Connection [com.mysql.cj.jdbc.ConnectionImpl@587f3aed] for JDBC transaction
2026-04-16 15:47:48 [http-nio-80-exec-4] DEBUG o.s.jdbc.support.JdbcTransactionManager - Switching JDBC Connection [com.mysql.cj.jdbc.ConnectionImpl@587f3aed] to manual commit
2026-04-16 15:47:48 [http-nio-80-exec-4] DEBUG o.s.jdbc.support.JdbcTransactionManager - Initiating transaction commit
2026-04-16 15:47:48 [http-nio-80-exec-4] DEBUG o.s.jdbc.support.JdbcTransactionManager - Committing JDBC transaction on Connection [com.mysql.cj.jdbc.ConnectionImpl@587f3aed]
2026-04-16 15:47:48 [http-nio-80-exec-4] DEBUG o.s.jdbc.support.JdbcTransactionManager - Releasing JDBC Connection [com.mysql.cj.jdbc.ConnectionImpl@587f3aed] after transaction
2026-04-16 15:47:48 [http-nio-80-exec-5] INFO  com.eiousee.controller.EmpController - 查询员工列表，参数：EmpQueryParam(name=, sex=, begin=null, end=null, page=2, pageSize=10)
2026-04-16 15:47:51 [http-nio-80-exec-7] INFO  com.eiousee.controller.DeptController - 查询所有部门数据
2026-04-16 15:47:51 [http-nio-80-exec-8] INFO  com.eiousee.controller.JobController - 查询职位列表
2026-04-16 15:47:51 [http-nio-80-exec-9] INFO  com.eiousee.controller.EmpController - 查询员工列表，参数：EmpQueryParam(name=, sex=, begin=null, end=null, page=1, pageSize=10)
2026-04-16 15:47:52 [http-nio-80-exec-10] INFO  com.eiousee.controller.EmpController - 查询员工列表，参数：EmpQueryParam(name=, sex=, begin=null, end=null, page=2, pageSize=10)
2026-04-16 15:48:16 [http-nio-80-exec-2] INFO  com.eiousee.controller.DeptController - 查询所有部门数据
2026-04-16 15:48:16 [http-nio-80-exec-3] INFO  com.eiousee.controller.JobController - 查询职位列表
2026-04-16 15:48:16 [http-nio-80-exec-4] INFO  com.eiousee.controller.EmpController - 查询员工列表，参数：EmpQueryParam(name=, sex=, begin=null, end=null, page=1, pageSize=10)
2026-04-16 15:48:17 [http-nio-80-exec-5] INFO  com.eiousee.controller.EmpController - 查询员工列表，参数：EmpQueryParam(name=, sex=, begin=null, end=null, page=2, pageSize=10)
2026-04-16 15:48:24 [http-nio-80-exec-6] INFO  com.eiousee.controller.EmpController - 删除员工，参数：18
2026-04-16 15:48:24 [http-nio-80-exec-8] INFO  com.eiousee.controller.EmpController - 查询员工列表，参数：EmpQueryParam(name=, sex=, begin=null, end=null, page=2, pageSize=10)
2026-04-16 15:50:54 [http-nio-80-exec-1] INFO  com.eiousee.controller.EmpController - 查询员工列表，参数：EmpQueryParam(name=, sex=, begin=null, end=null, page=1, pageSize=10)
2026-04-16 15:50:55 [http-nio-80-exec-2] INFO  com.eiousee.controller.EmpController - 查询员工列表，参数：EmpQueryParam(name=, sex=, begin=null, end=null, page=2, pageSize=10)
2026-04-16 15:50:57 [http-nio-80-exec-3] INFO  com.eiousee.controller.EmpController - 查询员工列表，参数：EmpQueryParam(name=, sex=, begin=null, end=null, page=1, pageSize=10)
2026-04-16 15:50:58 [http-nio-80-exec-4] INFO  com.eiousee.controller.EmpController - 查询员工列表，参数：EmpQueryParam(name=, sex=, begin=null, end=null, page=2, pageSize=10)
2026-04-16 15:51:46 [http-nio-80-exec-5] INFO  com.eiousee.controller.UploadController - 上传文件：org.springframework.web.multipart.support.StandardMultipartHttpServletRequest$StandardMultipartFile@5fc77504
2026-04-16 15:51:53 [http-nio-80-exec-6] INFO  com.eiousee.controller.EmpController - 添加员工，参数：Employee(id=null, name=溟汐, birth=2001-01-01, sex=男, avatarPath=https://eiousee-java-web.oss-cn-beijing.aliyuncs.com/5fc474a4-5ca3-4b56-aadb-011a6f744e6a_热海牌-溟汐 250px.png, deptName=学工部, jobName=主任, boardDate=2026-01-01, updateTime=null, empExpList=[])
2026-04-16 15:51:53 [http-nio-80-exec-6] DEBUG o.s.jdbc.support.JdbcTransactionManager - Creating new transaction with name [com.eiousee.service.impl.EmpServiceImpl.addEmp]: PROPAGATION_REQUIRED,ISOLATION_DEFAULT
2026-04-16 15:51:53 [http-nio-80-exec-6] DEBUG o.s.jdbc.support.JdbcTransactionManager - Acquired Connection [com.mysql.cj.jdbc.ConnectionImpl@28108fad] for JDBC transaction
2026-04-16 15:51:53 [http-nio-80-exec-6] DEBUG o.s.jdbc.support.JdbcTransactionManager - Switching JDBC Connection [com.mysql.cj.jdbc.ConnectionImpl@28108fad] to manual commit
2026-04-16 15:51:53 [http-nio-80-exec-6] DEBUG o.s.jdbc.support.JdbcTransactionManager - Initiating transaction commit
2026-04-16 15:51:53 [http-nio-80-exec-6] DEBUG o.s.jdbc.support.JdbcTransactionManager - Committing JDBC transaction on Connection [com.mysql.cj.jdbc.ConnectionImpl@28108fad]
2026-04-16 15:51:53 [http-nio-80-exec-6] DEBUG o.s.jdbc.support.JdbcTransactionManager - Releasing JDBC Connection [com.mysql.cj.jdbc.ConnectionImpl@28108fad] after transaction
2026-04-16 15:51:53 [http-nio-80-exec-8] INFO  com.eiousee.controller.EmpController - 查询员工列表，参数：EmpQueryParam(name=, sex=, begin=null, end=null, page=2, pageSize=10)
2026-04-16 16:36:04 [http-nio-80-exec-9] INFO  com.eiousee.controller.UploadController - 上传文件：org.springframework.web.multipart.support.StandardMultipartHttpServletRequest$StandardMultipartFile@22fe8dcd
2026-04-16 16:36:12 [SpringApplicationShutdownHook] INFO  o.s.boot.web.embedded.tomcat.GracefulShutdown - Commencing graceful shutdown. Waiting for active requests to complete
2026-04-16 16:36:12 [tomcat-shutdown] INFO  o.s.boot.web.embedded.tomcat.GracefulShutdown - Graceful shutdown complete
2026-04-16 16:36:12 [SpringApplicationShutdownHook] INFO  com.alibaba.druid.pool.DruidDataSource - {dataSource-1} closing ...
2026-04-16 16:36:12 [SpringApplicationShutdownHook] INFO  com.alibaba.druid.pool.DruidDataSource - {dataSource-1} closed
2026-04-16 16:37:11 [main] INFO  com.eiousee.WebProjectApplication - Starting WebProjectApplication using Java 21.0.4 with PID 31004 (D:\JetBrains_Files\Java_Files\webProject\target\classes started by kiiz in D:\JetBrains_Files\Java_Files\webProject)
2026-04-16 16:37:11 [main] INFO  com.eiousee.WebProjectApplication - No active profile set, falling back to 1 default profile: "default"
2026-04-16 16:37:12 [main] INFO  o.s.boot.web.embedded.tomcat.TomcatWebServer - Tomcat initialized with port 80 (http)
2026-04-16 16:37:12 [main] INFO  org.apache.coyote.http11.Http11NioProtocol - Initializing ProtocolHandler ["http-nio-80"]
2026-04-16 16:37:12 [main] INFO  org.apache.catalina.core.StandardService - Starting service [Tomcat]
2026-04-16 16:37:12 [main] INFO  org.apache.catalina.core.StandardEngine - Starting Servlet engine: [Apache Tomcat/10.1.53]
2026-04-16 16:37:12 [main] INFO  o.a.c.core.ContainerBase.[Tomcat].[localhost].[/] - Initializing Spring embedded WebApplicationContext
2026-04-16 16:37:12 [main] INFO  o.s.b.w.s.c.ServletWebServerApplicationContext - Root WebApplicationContext: initialization completed in 1004 ms
2026-04-16 16:37:13 [main] INFO  org.apache.coyote.http11.Http11NioProtocol - Starting ProtocolHandler ["http-nio-80"]
2026-04-16 16:37:13 [main] INFO  o.s.boot.web.embedded.tomcat.TomcatWebServer - Tomcat started on port 80 (http) with context path '/'
2026-04-16 16:37:13 [main] INFO  com.eiousee.WebProjectApplication - Started WebProjectApplication in 2.152 seconds (process running for 2.985)
2026-04-16 16:37:21 [http-nio-80-exec-1] INFO  o.a.c.core.ContainerBase.[Tomcat].[localhost].[/] - Initializing Spring DispatcherServlet 'dispatcherServlet'
2026-04-16 16:37:21 [http-nio-80-exec-1] INFO  org.springframework.web.servlet.DispatcherServlet - Initializing Servlet 'dispatcherServlet'
2026-04-16 16:37:21 [http-nio-80-exec-1] INFO  org.springframework.web.servlet.DispatcherServlet - Completed initialization in 0 ms
2026-04-16 16:37:21 [http-nio-80-exec-5] INFO  com.eiousee.controller.JobController - 查询职位列表
2026-04-16 16:37:21 [http-nio-80-exec-2] INFO  com.eiousee.controller.DeptController - 查询所有部门数据
2026-04-16 16:37:21 [http-nio-80-exec-4] INFO  com.eiousee.controller.EmpController - 查询员工列表，参数：EmpQueryParam(name=, sex=, begin=null, end=null, page=1, pageSize=10)
2026-04-16 16:37:21 [http-nio-80-exec-2] INFO  com.alibaba.druid.pool.DruidDataSource - {dataSource-1} inited
2026-04-16 16:37:23 [http-nio-80-exec-8] INFO  com.eiousee.controller.EmpController - 查询员工列表，参数：EmpQueryParam(name=, sex=, begin=null, end=null, page=2, pageSize=10)
2026-04-16 16:37:30 [http-nio-80-exec-7] INFO  com.eiousee.controller.UploadController - 上传文件：浔麟.png
2026-04-16 16:39:04 [http-nio-80-exec-2] INFO  com.eiousee.controller.JobController - 查询职位列表
2026-04-16 16:39:04 [http-nio-80-exec-1] INFO  com.eiousee.controller.DeptController - 查询所有部门数据
2026-04-16 16:39:04 [http-nio-80-exec-5] INFO  com.eiousee.controller.EmpController - 查询员工列表，参数：EmpQueryParam(name=, sex=, begin=null, end=null, page=1, pageSize=10)
2026-04-16 16:39:06 [http-nio-80-exec-4] INFO  com.eiousee.controller.EmpController - 查询员工列表，参数：EmpQueryParam(name=, sex=, begin=null, end=null, page=2, pageSize=10)
2026-04-16 16:39:22 [http-nio-80-exec-8] INFO  com.eiousee.controller.UploadController - 上传文件：热海牌-浔麟 250px.png
2026-04-16 16:39:59 [SpringApplicationShutdownHook] INFO  o.s.boot.web.embedded.tomcat.GracefulShutdown - Commencing graceful shutdown. Waiting for active requests to complete
2026-04-16 16:39:59 [tomcat-shutdown] INFO  o.s.boot.web.embedded.tomcat.GracefulShutdown - Graceful shutdown complete
2026-04-16 16:39:59 [SpringApplicationShutdownHook] INFO  com.alibaba.druid.pool.DruidDataSource - {dataSource-1} closing ...
2026-04-16 16:39:59 [SpringApplicationShutdownHook] INFO  com.alibaba.druid.pool.DruidDataSource - {dataSource-1} closed
2026-04-16 16:40:01 [main] INFO  com.eiousee.WebProjectApplication - Starting WebProjectApplication using Java 21.0.4 with PID 26800 (D:\JetBrains_Files\Java_Files\webProject\target\classes started by kiiz in D:\JetBrains_Files\Java_Files\webProject)
2026-04-16 16:40:01 [main] INFO  com.eiousee.WebProjectApplication - No active profile set, falling back to 1 default profile: "default"
2026-04-16 16:40:02 [main] INFO  o.s.boot.web.embedded.tomcat.TomcatWebServer - Tomcat initialized with port 80 (http)
2026-04-16 16:40:02 [main] INFO  org.apache.coyote.http11.Http11NioProtocol - Initializing ProtocolHandler ["http-nio-80"]
2026-04-16 16:40:02 [main] INFO  org.apache.catalina.core.StandardService - Starting service [Tomcat]
2026-04-16 16:40:02 [main] INFO  org.apache.catalina.core.StandardEngine - Starting Servlet engine: [Apache Tomcat/10.1.53]
2026-04-16 16:40:02 [main] INFO  o.a.c.core.ContainerBase.[Tomcat].[localhost].[/] - Initializing Spring embedded WebApplicationContext
2026-04-16 16:40:02 [main] INFO  o.s.b.w.s.c.ServletWebServerApplicationContext - Root WebApplicationContext: initialization completed in 854 ms
2026-04-16 16:40:03 [main] INFO  org.apache.coyote.http11.Http11NioProtocol - Starting ProtocolHandler ["http-nio-80"]
2026-04-16 16:40:03 [main] INFO  o.s.boot.web.embedded.tomcat.TomcatWebServer - Tomcat started on port 80 (http) with context path '/'
2026-04-16 16:40:03 [main] INFO  com.eiousee.WebProjectApplication - Started WebProjectApplication in 1.819 seconds (process running for 2.456)
2026-04-16 16:40:18 [http-nio-80-exec-1] INFO  o.a.c.core.ContainerBase.[Tomcat].[localhost].[/] - Initializing Spring DispatcherServlet 'dispatcherServlet'
2026-04-16 16:40:18 [http-nio-80-exec-1] INFO  org.springframework.web.servlet.DispatcherServlet - Initializing Servlet 'dispatcherServlet'
2026-04-16 16:40:18 [http-nio-80-exec-1] INFO  org.springframework.web.servlet.DispatcherServlet - Completed initialization in 0 ms
2026-04-16 16:40:18 [http-nio-80-exec-1] INFO  com.eiousee.controller.UploadController - 上传文件：浔麟.png
2026-04-16 17:12:44 [SpringApplicationShutdownHook] INFO  o.s.boot.web.embedded.tomcat.GracefulShutdown - Commencing graceful shutdown. Waiting for active requests to complete
2026-04-16 17:12:44 [tomcat-shutdown] INFO  o.s.boot.web.embedded.tomcat.GracefulShutdown - Graceful shutdown complete
2026-04-16 17:12:45 [SpringApplicationShutdownHook] INFO  com.alibaba.druid.pool.DruidDataSource - {dataSource-0} closing ...
2026-04-16 17:12:49 [main] INFO  com.eiousee.WebProjectApplication - Starting WebProjectApplication using Java 21.0.4 with PID 9708 (D:\JetBrains_Files\Java_Files\webProject\target\classes started by kiiz in D:\JetBrains_Files\Java_Files\webProject)
2026-04-16 17:12:49 [main] INFO  com.eiousee.WebProjectApplication - No active profile set, falling back to 1 default profile: "default"
2026-04-16 17:12:50 [main] INFO  o.s.boot.web.embedded.tomcat.TomcatWebServer - Tomcat initialized with port 80 (http)
2026-04-16 17:12:50 [main] INFO  org.apache.coyote.http11.Http11NioProtocol - Initializing ProtocolHandler ["http-nio-80"]
2026-04-16 17:12:50 [main] INFO  org.apache.catalina.core.StandardService - Starting service [Tomcat]
2026-04-16 17:12:50 [main] INFO  org.apache.catalina.core.StandardEngine - Starting Servlet engine: [Apache Tomcat/10.1.53]
2026-04-16 17:12:50 [main] INFO  o.a.c.core.ContainerBase.[Tomcat].[localhost].[/] - Initializing Spring embedded WebApplicationContext
2026-04-16 17:12:50 [main] INFO  o.s.b.w.s.c.ServletWebServerApplicationContext - Root WebApplicationContext: initialization completed in 983 ms
2026-04-16 17:12:51 [main] INFO  org.apache.coyote.http11.Http11NioProtocol - Starting ProtocolHandler ["http-nio-80"]
2026-04-16 17:12:51 [main] INFO  o.s.boot.web.embedded.tomcat.TomcatWebServer - Tomcat started on port 80 (http) with context path '/'
2026-04-16 17:12:51 [main] INFO  com.eiousee.WebProjectApplication - Started WebProjectApplication in 2.159 seconds (process running for 2.979)
2026-04-16 17:12:58 [http-nio-80-exec-1] INFO  o.a.c.core.ContainerBase.[Tomcat].[localhost].[/] - Initializing Spring DispatcherServlet 'dispatcherServlet'
2026-04-16 17:12:58 [http-nio-80-exec-1] INFO  org.springframework.web.servlet.DispatcherServlet - Initializing Servlet 'dispatcherServlet'
2026-04-16 17:12:58 [http-nio-80-exec-1] INFO  org.springframework.web.servlet.DispatcherServlet - Completed initialization in 1 ms
2026-04-16 17:12:59 [http-nio-80-exec-2] INFO  com.eiousee.controller.DeptController - 查询所有部门数据
2026-04-16 17:12:59 [http-nio-80-exec-3] INFO  com.eiousee.controller.JobController - 查询职位列表
2026-04-16 17:12:59 [http-nio-80-exec-8] INFO  com.eiousee.controller.EmpController - 查询员工列表，参数：EmpQueryParam(name=, sex=, begin=null, end=null, page=1, pageSize=10)
2026-04-16 17:12:59 [http-nio-80-exec-2] INFO  com.alibaba.druid.pool.DruidDataSource - {dataSource-1} inited
2026-04-16 17:13:02 [http-nio-80-exec-5] INFO  com.eiousee.controller.EmpController - 查询员工列表，参数：EmpQueryParam(name=, sex=, begin=null, end=null, page=2, pageSize=10)
2026-04-16 17:13:03 [http-nio-80-exec-6] INFO  com.eiousee.controller.EmpController - 查询员工列表，参数：EmpQueryParam(name=, sex=, begin=null, end=null, page=1, pageSize=10)
2026-04-16 17:13:03 [http-nio-80-exec-7] INFO  com.eiousee.controller.EmpController - 查询员工列表，参数：EmpQueryParam(name=, sex=, begin=null, end=null, page=2, pageSize=10)
2026-04-16 17:13:19 [http-nio-80-exec-4] INFO  com.eiousee.controller.EmpController - 删除员工，参数：14
2026-04-16 17:13:19 [http-nio-80-exec-9] INFO  com.eiousee.controller.EmpController - 查询员工列表，参数：EmpQueryParam(name=, sex=, begin=null, end=null, page=2, pageSize=10)
2026-04-16 17:13:27 [http-nio-80-exec-10] INFO  com.eiousee.controller.EmpController - 查询员工列表，参数：EmpQueryParam(name=, sex=, begin=null, end=null, page=1, pageSize=10)
2026-04-16 17:13:28 [http-nio-80-exec-1] INFO  com.eiousee.controller.EmpController - 查询员工列表，参数：EmpQueryParam(name=, sex=, begin=null, end=null, page=2, pageSize=10)
2026-04-16 17:13:41 [http-nio-80-exec-2] INFO  com.eiousee.controller.EmpController - 删除员工，参数：14
2026-04-16 17:13:41 [http-nio-80-exec-3] INFO  com.eiousee.controller.EmpController - 查询员工列表，参数：EmpQueryParam(name=, sex=, begin=null, end=null, page=2, pageSize=10)
2026-04-16 17:14:42 [http-nio-80-exec-7] INFO  com.eiousee.controller.EmpController - 删除员工，参数：15
2026-04-16 17:14:42 [http-nio-80-exec-4] INFO  com.eiousee.controller.EmpController - 查询员工列表，参数：EmpQueryParam(name=, sex=, begin=null, end=null, page=2, pageSize=10)
2026-04-16 17:15:22 [SpringApplicationShutdownHook] INFO  o.s.boot.web.embedded.tomcat.GracefulShutdown - Commencing graceful shutdown. Waiting for active requests to complete
2026-04-16 17:15:22 [tomcat-shutdown] INFO  o.s.boot.web.embedded.tomcat.GracefulShutdown - Graceful shutdown complete
2026-04-16 17:15:22 [SpringApplicationShutdownHook] INFO  com.alibaba.druid.pool.DruidDataSource - {dataSource-1} closing ...
2026-04-16 17:15:22 [SpringApplicationShutdownHook] INFO  com.alibaba.druid.pool.DruidDataSource - {dataSource-1} closed
2026-04-16 17:15:25 [main] INFO  com.eiousee.WebProjectApplication - Starting WebProjectApplication using Java 21.0.4 with PID 34148 (D:\JetBrains_Files\Java_Files\webProject\target\classes started by kiiz in D:\JetBrains_Files\Java_Files\webProject)
2026-04-16 17:15:25 [main] INFO  com.eiousee.WebProjectApplication - No active profile set, falling back to 1 default profile: "default"
2026-04-16 17:15:26 [main] INFO  o.s.boot.web.embedded.tomcat.TomcatWebServer - Tomcat initialized with port 80 (http)
2026-04-16 17:15:26 [main] INFO  org.apache.coyote.http11.Http11NioProtocol - Initializing ProtocolHandler ["http-nio-80"]
2026-04-16 17:15:26 [main] INFO  org.apache.catalina.core.StandardService - Starting service [Tomcat]
2026-04-16 17:15:26 [main] INFO  org.apache.catalina.core.StandardEngine - Starting Servlet engine: [Apache Tomcat/10.1.53]
2026-04-16 17:15:26 [main] INFO  o.a.c.core.ContainerBase.[Tomcat].[localhost].[/] - Initializing Spring embedded WebApplicationContext
2026-04-16 17:15:26 [main] INFO  o.s.b.w.s.c.ServletWebServerApplicationContext - Root WebApplicationContext: initialization completed in 869 ms
2026-04-16 17:15:27 [main] INFO  org.apache.coyote.http11.Http11NioProtocol - Starting ProtocolHandler ["http-nio-80"]
2026-04-16 17:15:27 [main] INFO  o.s.boot.web.embedded.tomcat.TomcatWebServer - Tomcat started on port 80 (http) with context path '/'
2026-04-16 17:15:27 [main] INFO  com.eiousee.WebProjectApplication - Started WebProjectApplication in 1.844 seconds (process running for 2.554)
2026-04-16 17:15:35 [http-nio-80-exec-3] INFO  o.a.c.core.ContainerBase.[Tomcat].[localhost].[/] - Initializing Spring DispatcherServlet 'dispatcherServlet'
2026-04-16 17:15:35 [http-nio-80-exec-3] INFO  org.springframework.web.servlet.DispatcherServlet - Initializing Servlet 'dispatcherServlet'
2026-04-16 17:15:35 [http-nio-80-exec-3] INFO  org.springframework.web.servlet.DispatcherServlet - Completed initialization in 1 ms
2026-04-16 17:15:36 [http-nio-80-exec-1] INFO  com.eiousee.controller.JobController - 查询职位列表
2026-04-16 17:15:36 [http-nio-80-exec-2] INFO  com.eiousee.controller.DeptController - 查询所有部门数据
2026-04-16 17:15:36 [http-nio-80-exec-4] INFO  com.eiousee.controller.EmpController - 查询员工列表，参数：EmpQueryParam(name=, sex=, begin=null, end=null, page=1, pageSize=10)
2026-04-16 17:15:36 [http-nio-80-exec-1] INFO  com.alibaba.druid.pool.DruidDataSource - {dataSource-1} inited
2026-04-16 17:15:59 [http-nio-80-exec-8] INFO  com.eiousee.controller.JobController - 查询职位列表
2026-04-16 17:15:59 [http-nio-80-exec-7] INFO  com.eiousee.controller.DeptController - 查询所有部门数据
2026-04-16 17:15:59 [http-nio-80-exec-9] INFO  com.eiousee.controller.EmpController - 查询员工列表，参数：EmpQueryParam(name=, sex=, begin=null, end=null, page=1, pageSize=10)
2026-04-16 17:16:04 [http-nio-80-exec-3] INFO  com.eiousee.controller.EmpController - 查询员工列表，参数：EmpQueryParam(name=, sex=, begin=null, end=null, page=1, pageSize=10)
2026-04-16 17:16:08 [http-nio-80-exec-1] INFO  com.eiousee.controller.EmpController - 查询员工列表，参数：EmpQueryParam(name=, sex=, begin=null, end=null, page=2, pageSize=10)
2026-04-16 17:16:11 [http-nio-80-exec-2] INFO  com.eiousee.controller.EmpController - 查询员工列表，参数：EmpQueryParam(name=, sex=, begin=null, end=null, page=1, pageSize=10)
2026-04-16 17:16:13 [http-nio-80-exec-4] INFO  com.eiousee.controller.EmpController - 查询员工列表，参数：EmpQueryParam(name=, sex=, begin=null, end=null, page=2, pageSize=10)
2026-04-16 17:16:22 [http-nio-80-exec-5] INFO  com.eiousee.controller.EmpController - 删除员工，参数：15
2026-04-16 17:16:22 [http-nio-80-exec-5] DEBUG o.s.jdbc.support.JdbcTransactionManager - Creating new transaction with name [com.eiousee.service.impl.EmpServiceImpl.deleteEmpByIds]: PROPAGATION_REQUIRED,ISOLATION_DEFAULT
2026-04-16 17:16:22 [http-nio-80-exec-5] DEBUG o.s.jdbc.support.JdbcTransactionManager - Acquired Connection [com.mysql.cj.jdbc.ConnectionImpl@41a00360] for JDBC transaction
2026-04-16 17:16:22 [http-nio-80-exec-5] DEBUG o.s.jdbc.support.JdbcTransactionManager - Switching JDBC Connection [com.mysql.cj.jdbc.ConnectionImpl@41a00360] to manual commit
2026-04-16 17:16:22 [http-nio-80-exec-5] DEBUG o.s.jdbc.support.JdbcTransactionManager - Initiating transaction commit
2026-04-16 17:16:22 [http-nio-80-exec-5] DEBUG o.s.jdbc.support.JdbcTransactionManager - Committing JDBC transaction on Connection [com.mysql.cj.jdbc.ConnectionImpl@41a00360]
2026-04-16 17:16:22 [http-nio-80-exec-5] DEBUG o.s.jdbc.support.JdbcTransactionManager - Releasing JDBC Connection [com.mysql.cj.jdbc.ConnectionImpl@41a00360] after transaction
2026-04-16 17:16:22 [http-nio-80-exec-6] INFO  com.eiousee.controller.EmpController - 查询员工列表，参数：EmpQueryParam(name=, sex=, begin=null, end=null, page=2, pageSize=10)
2026-04-16 17:23:15 [SpringApplicationShutdownHook] INFO  o.s.boot.web.embedded.tomcat.GracefulShutdown - Commencing graceful shutdown. Waiting for active requests to complete
2026-04-16 17:23:15 [tomcat-shutdown] INFO  o.s.boot.web.embedded.tomcat.GracefulShutdown - Graceful shutdown complete
2026-04-16 17:23:15 [SpringApplicationShutdownHook] INFO  com.alibaba.druid.pool.DruidDataSource - {dataSource-1} closing ...
2026-04-16 17:23:15 [SpringApplicationShutdownHook] INFO  com.alibaba.druid.pool.DruidDataSource - {dataSource-1} closed
2026-04-16 17:23:17 [main] INFO  com.eiousee.WebProjectApplication - Starting WebProjectApplication using Java 21.0.4 with PID 808 (D:\JetBrains_Files\Java_Files\webProject\target\classes started by kiiz in D:\JetBrains_Files\Java_Files\webProject)
2026-04-16 17:23:17 [main] INFO  com.eiousee.WebProjectApplication - No active profile set, falling back to 1 default profile: "default"
2026-04-16 17:23:18 [main] INFO  o.s.boot.web.embedded.tomcat.TomcatWebServer - Tomcat initialized with port 80 (http)
2026-04-16 17:23:18 [main] INFO  org.apache.coyote.http11.Http11NioProtocol - Initializing ProtocolHandler ["http-nio-80"]
2026-04-16 17:23:18 [main] INFO  org.apache.catalina.core.StandardService - Starting service [Tomcat]
2026-04-16 17:23:18 [main] INFO  org.apache.catalina.core.StandardEngine - Starting Servlet engine: [Apache Tomcat/10.1.53]
2026-04-16 17:23:18 [main] INFO  o.a.c.core.ContainerBase.[Tomcat].[localhost].[/] - Initializing Spring embedded WebApplicationContext
2026-04-16 17:23:18 [main] INFO  o.s.b.w.s.c.ServletWebServerApplicationContext - Root WebApplicationContext: initialization completed in 842 ms
2026-04-16 17:23:19 [main] INFO  org.apache.coyote.http11.Http11NioProtocol - Starting ProtocolHandler ["http-nio-80"]
2026-04-16 17:23:19 [main] INFO  o.s.boot.web.embedded.tomcat.TomcatWebServer - Tomcat started on port 80 (http) with context path '/'
2026-04-16 17:23:19 [main] INFO  com.eiousee.WebProjectApplication - Started WebProjectApplication in 1.795 seconds (process running for 2.415)
2026-04-16 17:23:24 [http-nio-80-exec-2] INFO  o.a.c.core.ContainerBase.[Tomcat].[localhost].[/] - Initializing Spring DispatcherServlet 'dispatcherServlet'
2026-04-16 17:23:24 [http-nio-80-exec-2] INFO  org.springframework.web.servlet.DispatcherServlet - Initializing Servlet 'dispatcherServlet'
2026-04-16 17:23:24 [http-nio-80-exec-2] INFO  org.springframework.web.servlet.DispatcherServlet - Completed initialization in 1 ms
2026-04-16 17:23:27 [http-nio-80-exec-4] INFO  com.eiousee.controller.JobController - 查询职位列表
2026-04-16 17:23:27 [http-nio-80-exec-5] INFO  com.eiousee.controller.DeptController - 查询所有部门数据
2026-04-16 17:23:27 [http-nio-80-exec-3] INFO  com.eiousee.controller.EmpController - 查询员工列表，参数：EmpQueryParam(name=, sex=, begin=null, end=null, page=1, pageSize=10)
2026-04-16 17:23:27 [http-nio-80-exec-4] INFO  com.alibaba.druid.pool.DruidDataSource - {dataSource-1} inited
2026-04-16 17:23:30 [http-nio-80-exec-7] INFO  com.eiousee.controller.EmpController - 查询员工列表，参数：EmpQueryParam(name=, sex=, begin=null, end=null, page=2, pageSize=10)
2026-04-16 17:23:31 [http-nio-80-exec-8] INFO  com.eiousee.controller.EmpController - 查询员工列表，参数：EmpQueryParam(name=, sex=, begin=null, end=null, page=1, pageSize=10)
2026-04-16 17:23:32 [http-nio-80-exec-9] INFO  com.eiousee.controller.EmpController - 查询员工列表，参数：EmpQueryParam(name=, sex=, begin=null, end=null, page=1, pageSize=10)
2026-04-16 17:23:34 [http-nio-80-exec-10] INFO  com.eiousee.controller.EmpController - 查询员工列表，参数：EmpQueryParam(name=, sex=, begin=null, end=null, page=2, pageSize=10)
2026-04-16 17:23:44 [http-nio-80-exec-2] INFO  com.eiousee.controller.EmpController - 删除员工，参数：14
2026-04-16 17:23:44 [http-nio-80-exec-2] DEBUG o.s.jdbc.support.JdbcTransactionManager - Creating new transaction with name [com.eiousee.service.impl.EmpServiceImpl.deleteEmpByIds]: PROPAGATION_REQUIRED,ISOLATION_DEFAULT
2026-04-16 17:23:44 [http-nio-80-exec-2] DEBUG o.s.jdbc.support.JdbcTransactionManager - Acquired Connection [com.mysql.cj.jdbc.ConnectionImpl@5c698877] for JDBC transaction
2026-04-16 17:23:44 [http-nio-80-exec-2] DEBUG o.s.jdbc.support.JdbcTransactionManager - Switching JDBC Connection [com.mysql.cj.jdbc.ConnectionImpl@5c698877] to manual commit
2026-04-16 17:23:44 [http-nio-80-exec-2] DEBUG o.s.jdbc.support.JdbcTransactionManager - Initiating transaction commit
2026-04-16 17:23:44 [http-nio-80-exec-2] DEBUG o.s.jdbc.support.JdbcTransactionManager - Committing JDBC transaction on Connection [com.mysql.cj.jdbc.ConnectionImpl@5c698877]
2026-04-16 17:23:44 [http-nio-80-exec-2] DEBUG o.s.jdbc.support.JdbcTransactionManager - Releasing JDBC Connection [com.mysql.cj.jdbc.ConnectionImpl@5c698877] after transaction
2026-04-16 17:23:44 [http-nio-80-exec-1] INFO  com.eiousee.controller.EmpController - 查询员工列表，参数：EmpQueryParam(name=, sex=, begin=null, end=null, page=2, pageSize=10)
2026-04-16 18:22:00 [SpringApplicationShutdownHook] INFO  o.s.boot.web.embedded.tomcat.GracefulShutdown - Commencing graceful shutdown. Waiting for active requests to complete
2026-04-16 18:22:00 [tomcat-shutdown] INFO  o.s.boot.web.embedded.tomcat.GracefulShutdown - Graceful shutdown complete
2026-04-16 18:22:00 [SpringApplicationShutdownHook] INFO  com.alibaba.druid.pool.DruidDataSource - {dataSource-1} closing ...
2026-04-16 18:22:00 [SpringApplicationShutdownHook] INFO  com.alibaba.druid.pool.DruidDataSource - {dataSource-1} closed
