2026-05-09 09:39:52 [main] INFO  com.eiousee.WebProjectApplication - Starting WebProjectApplication using Java 21.0.4 with PID 4800 (D:\JetBrains_Files\Java_Files\webProject\target\classes started by kiiz in D:\JetBrains_Files\Java_Files\webProject)
2026-05-09 09:39:52 [main] INFO  com.eiousee.WebProjectApplication - No active profile set, falling back to 1 default profile: "default"
2026-05-09 09:39:54 [main] INFO  o.s.boot.web.embedded.tomcat.TomcatWebServer - Tomcat initialized with port 8080 (http)
2026-05-09 09:39:54 [main] INFO  org.apache.coyote.http11.Http11NioProtocol - Initializing ProtocolHandler ["http-nio-8080"]
2026-05-09 09:39:54 [main] INFO  org.apache.catalina.core.StandardService - Starting service [Tomcat]
2026-05-09 09:39:54 [main] INFO  org.apache.catalina.core.StandardEngine - Starting Servlet engine: [Apache Tomcat/10.1.53]
2026-05-09 09:39:54 [main] INFO  o.a.c.core.ContainerBase.[Tomcat].[localhost].[/] - Initializing Spring embedded WebApplicationContext
2026-05-09 09:39:54 [main] INFO  o.s.b.w.s.c.ServletWebServerApplicationContext - Root WebApplicationContext: initialization completed in 1554 ms
2026-05-09 09:39:55 [main] INFO  o.s.b.actuate.endpoint.web.EndpointLinksResolver - Exposing 1 endpoint beneath base path '/actuator'
2026-05-09 09:39:55 [main] INFO  org.apache.coyote.http11.Http11NioProtocol - Starting ProtocolHandler ["http-nio-8080"]
2026-05-09 09:39:55 [main] INFO  o.s.boot.web.embedded.tomcat.TomcatWebServer - Tomcat started on port 8080 (http) with context path '/'
2026-05-09 09:39:55 [main] INFO  com.eiousee.WebProjectApplication - Started WebProjectApplication in 3.459 seconds (process running for 4.444)
2026-05-09 09:39:56 [RMI TCP Connection(3)-10.109.108.56] INFO  o.a.c.core.ContainerBase.[Tomcat].[localhost].[/] - Initializing Spring DispatcherServlet 'dispatcherServlet'
2026-05-09 09:39:56 [RMI TCP Connection(3)-10.109.108.56] INFO  org.springframework.web.servlet.DispatcherServlet - Initializing Servlet 'dispatcherServlet'
2026-05-09 09:39:56 [RMI TCP Connection(3)-10.109.108.56] INFO  org.springframework.web.servlet.DispatcherServlet - Completed initialization in 1 ms
2026-05-09 09:39:56 [RMI TCP Connection(2)-10.109.108.56] INFO  com.alibaba.druid.pool.DruidDataSource - {dataSource-1} inited
2026-05-09 09:40:01 [http-nio-8080-exec-1] ERROR com.eiousee.exception.GlobalExceptionHandler - 服务器异常：No static resource dept.
2026-05-09 09:40:04 [http-nio-8080-exec-2] INFO  com.eiousee.controller.EmpController - 查询员工列表，参数：EmpQueryParam(name=, sex=, begin=null, end=null, page=1, pageSize=10)
2026-05-09 09:40:04 [http-nio-8080-exec-2] INFO  com.eiousee.aop.RecordTimeAspect - 方法 getEmpList 执行耗时：200ms
2026-05-09 09:40:04 [http-nio-8080-exec-2] INFO  com.eiousee.aop.RecordTimeAspect - 方法 getEmpList 执行耗时：202ms
2026-05-09 09:40:04 [http-nio-8080-exec-2] INFO  com.eiousee.aop.LogAspect - 操作日志：OperationLog(id=null, operator=null, operationTime=2026-05-09T09:40:04.688500700, operationClass=com.eiousee.service.impl.EmpServiceImpl, operationMethod=getEmpList, operationParams=[EmpQueryParam(name=, sex=, begin=null, end=null, page=1, pageSize=10)], operationResult=PageResult(total=11, rows=Page{count=true, pageNum=1, pageSize=10, startRow=0, endRow=10, total=11, pages=2, reasonable=false, pageSizeZero=false}[Employee(id=1, name=张三, birth=1990-01-01, sex=男, avatarPath=null, deptName=行政部, jobName=讲师, boardDate=2020-01-01, updateTime=2026-04-21T14:47:39, empExpList=null), Employee(id=2, name=李四, birth=1991-01-01, sex=女, avatarPath=null, deptName=行政部, jobName=讲师, boardDate=2020-01-01, updateTime=2026-04-21T14:47:42, empExpList=null), Employee(id=3, name=王五, birth=1992-01-01, sex=男, avatarPath=null, deptName=行政部, jobName=副教授, boardDate=2020-01-01, updateTime=2026-04-21T14:47:45, empExpList=null), Employee(id=4, name=赵六, birth=1993-01-01, sex=女, avatarPath=null, deptName=行政部, jobName=教授, boardDate=2020-01-01, updateTime=2026-04-21T14:47:47, empExpList=null), Employee(id=5, name=张伟, birth=1994-05-15, sex=男, avatarPath=null, deptName=行政部, jobName=助教, boardDate=2021-03-15, updateTime=2026-04-21T14:47:49, empExpList=null), Employee(id=6, name=王芳, birth=1995-08-20, sex=女, avatarPath=null, deptName=咨询部, jobName=工程师, boardDate=2021-06-01, updateTime=2021-06-01T00:00, empExpList=null), Employee(id=7, name=李军, birth=1988-12-10, sex=男, avatarPath=null, deptName=就业部, jobName=助教, boardDate=2019-11-11, updateTime=2019-11-11T00:00, empExpList=null), Employee(id=8, name=杨敏, birth=1996-02-28, sex=女, avatarPath=null, deptName=人事部, jobName=工程师, boardDate=2022-01-05, updateTime=2022-01-05T00:00, empExpList=null), Employee(id=9, name=刘洋, birth=1992-07-07, sex=男, avatarPath=null, deptName=行政部, jobName=助教, boardDate=2020-07-07, updateTime=2026-04-21T14:47:51, empExpList=null), Employee(id=10, name=李娜, birth=1998-03-12, sex=女, avatarPath=null, deptName=教研部, jobName=工程师, boardDate=2023-02-14, updateTime=2023-02-14T00:00, empExpList=null)]), costTime=204)
2026-05-09 09:40:04 [http-nio-8080-exec-2] INFO  com.eiousee.aop.RecordTimeAspect - 方法 addLog 执行耗时：25ms
2026-05-09 09:40:04 [http-nio-8080-exec-2] INFO  com.eiousee.aop.RecordTimeAspect - 方法 getEmpList 执行耗时：234ms
2026-05-09 09:40:05 [http-nio-8080-exec-3] ERROR com.eiousee.exception.GlobalExceptionHandler - 服务器异常：No static resource dept.
2026-05-09 09:41:07 [http-nio-8080-exec-7] INFO  com.eiousee.controller.DeptController - 查询所有部门数据
2026-05-09 09:41:07 [http-nio-8080-exec-7] INFO  com.eiousee.aop.RecordTimeAspect - 方法 getAllDepts 执行耗时：14ms
2026-05-09 09:41:07 [http-nio-8080-exec-7] INFO  com.eiousee.aop.RecordTimeAspect - 方法 getAllDepts 执行耗时：15ms
2026-05-09 09:41:07 [http-nio-8080-exec-7] INFO  com.eiousee.aop.LogAspect - 操作日志：OperationLog(id=null, operator=null, operationTime=2026-05-09T09:41:07.310354400, operationClass=com.eiousee.service.impl.DeptServiceImpl, operationMethod=getAllDepts, operationParams=[], operationResult=[Dept(id=14, name=行政部, createTime=2026-04-21T14:47:29, updateTime=2026-04-21T14:47:29), Dept(id=13, name=金融部, createTime=2026-04-17T15:07:45, updateTime=2026-04-17T15:07:45), Dept(id=5, name=人事部, createTime=2026-04-08T17:00, updateTime=2026-04-09T18:20:17), Dept(id=1, name=学工部, createTime=2026-04-08T17:00, updateTime=2026-04-08T17:00), Dept(id=2, name=教研部, createTime=2026-04-08T17:00, updateTime=2026-04-08T17:00), Dept(id=3, name=咨询部, createTime=2026-04-08T17:00, updateTime=2026-04-08T17:00), Dept(id=4, name=就业部, createTime=2026-04-08T17:00, updateTime=2026-04-08T17:00)], costTime=15)
2026-05-09 09:41:07 [http-nio-8080-exec-7] INFO  com.eiousee.aop.RecordTimeAspect - 方法 addLog 执行耗时：5ms
2026-05-09 09:41:07 [http-nio-8080-exec-7] INFO  com.eiousee.aop.RecordTimeAspect - 方法 list 执行耗时：20ms
2026-05-09 09:41:14 [http-nio-8080-exec-5] INFO  com.eiousee.controller.EmpController - 查询员工列表，参数：EmpQueryParam(name=, sex=, begin=null, end=null, page=1, pageSize=10)
2026-05-09 09:41:14 [http-nio-8080-exec-5] INFO  com.eiousee.aop.RecordTimeAspect - 方法 getEmpList 执行耗时：12ms
2026-05-09 09:41:14 [http-nio-8080-exec-5] INFO  com.eiousee.aop.RecordTimeAspect - 方法 getEmpList 执行耗时：13ms
2026-05-09 09:41:14 [http-nio-8080-exec-5] INFO  com.eiousee.aop.LogAspect - 操作日志：OperationLog(id=null, operator=null, operationTime=2026-05-09T09:41:14.527514400, operationClass=com.eiousee.service.impl.EmpServiceImpl, operationMethod=getEmpList, operationParams=[EmpQueryParam(name=, sex=, begin=null, end=null, page=1, pageSize=10)], operationResult=PageResult(total=11, rows=Page{count=true, pageNum=1, pageSize=10, startRow=0, endRow=10, total=11, pages=2, reasonable=false, pageSizeZero=false}[Employee(id=1, name=张三, birth=1990-01-01, sex=男, avatarPath=null, deptName=行政部, jobName=讲师, boardDate=2020-01-01, updateTime=2026-04-21T14:47:39, empExpList=null), Employee(id=2, name=李四, birth=1991-01-01, sex=女, avatarPath=null, deptName=行政部, jobName=讲师, boardDate=2020-01-01, updateTime=2026-04-21T14:47:42, empExpList=null), Employee(id=3, name=王五, birth=1992-01-01, sex=男, avatarPath=null, deptName=行政部, jobName=副教授, boardDate=2020-01-01, updateTime=2026-04-21T14:47:45, empExpList=null), Employee(id=4, name=赵六, birth=1993-01-01, sex=女, avatarPath=null, deptName=行政部, jobName=教授, boardDate=2020-01-01, updateTime=2026-04-21T14:47:47, empExpList=null), Employee(id=5, name=张伟, birth=1994-05-15, sex=男, avatarPath=null, deptName=行政部, jobName=助教, boardDate=2021-03-15, updateTime=2026-04-21T14:47:49, empExpList=null), Employee(id=6, name=王芳, birth=1995-08-20, sex=女, avatarPath=null, deptName=咨询部, jobName=工程师, boardDate=2021-06-01, updateTime=2021-06-01T00:00, empExpList=null), Employee(id=7, name=李军, birth=1988-12-10, sex=男, avatarPath=null, deptName=就业部, jobName=助教, boardDate=2019-11-11, updateTime=2019-11-11T00:00, empExpList=null), Employee(id=8, name=杨敏, birth=1996-02-28, sex=女, avatarPath=null, deptName=人事部, jobName=工程师, boardDate=2022-01-05, updateTime=2022-01-05T00:00, empExpList=null), Employee(id=9, name=刘洋, birth=1992-07-07, sex=男, avatarPath=null, deptName=行政部, jobName=助教, boardDate=2020-07-07, updateTime=2026-04-21T14:47:51, empExpList=null), Employee(id=10, name=李娜, birth=1998-03-12, sex=女, avatarPath=null, deptName=教研部, jobName=工程师, boardDate=2023-02-14, updateTime=2023-02-14T00:00, empExpList=null)]), costTime=13)
2026-05-09 09:41:14 [http-nio-8080-exec-5] INFO  com.eiousee.aop.RecordTimeAspect - 方法 addLog 执行耗时：8ms
2026-05-09 09:41:14 [http-nio-8080-exec-5] INFO  com.eiousee.aop.RecordTimeAspect - 方法 getEmpList 执行耗时：22ms
2026-05-09 09:41:15 [http-nio-8080-exec-6] INFO  com.eiousee.controller.DeptController - 查询所有部门数据
2026-05-09 09:41:15 [http-nio-8080-exec-6] INFO  com.eiousee.aop.RecordTimeAspect - 方法 getAllDepts 执行耗时：4ms
2026-05-09 09:41:15 [http-nio-8080-exec-6] INFO  com.eiousee.aop.RecordTimeAspect - 方法 getAllDepts 执行耗时：4ms
2026-05-09 09:41:15 [http-nio-8080-exec-6] INFO  com.eiousee.aop.LogAspect - 操作日志：OperationLog(id=null, operator=null, operationTime=2026-05-09T09:41:15.865804900, operationClass=com.eiousee.service.impl.DeptServiceImpl, operationMethod=getAllDepts, operationParams=[], operationResult=[Dept(id=14, name=行政部, createTime=2026-04-21T14:47:29, updateTime=2026-04-21T14:47:29), Dept(id=13, name=金融部, createTime=2026-04-17T15:07:45, updateTime=2026-04-17T15:07:45), Dept(id=5, name=人事部, createTime=2026-04-08T17:00, updateTime=2026-04-09T18:20:17), Dept(id=1, name=学工部, createTime=2026-04-08T17:00, updateTime=2026-04-08T17:00), Dept(id=2, name=教研部, createTime=2026-04-08T17:00, updateTime=2026-04-08T17:00), Dept(id=3, name=咨询部, createTime=2026-04-08T17:00, updateTime=2026-04-08T17:00), Dept(id=4, name=就业部, createTime=2026-04-08T17:00, updateTime=2026-04-08T17:00)], costTime=4)
2026-05-09 09:41:15 [http-nio-8080-exec-6] INFO  com.eiousee.aop.RecordTimeAspect - 方法 addLog 执行耗时：8ms
2026-05-09 09:41:15 [http-nio-8080-exec-6] INFO  com.eiousee.aop.RecordTimeAspect - 方法 list 执行耗时：14ms
2026-05-09 09:41:59 [http-nio-8080-exec-4] INFO  com.eiousee.controller.EmpController - 查询员工列表，参数：EmpQueryParam(name=, sex=, begin=null, end=null, page=1, pageSize=10)
2026-05-09 09:41:59 [http-nio-8080-exec-4] INFO  com.eiousee.aop.RecordTimeAspect - 方法 getEmpList 执行耗时：11ms
2026-05-09 09:41:59 [http-nio-8080-exec-4] INFO  com.eiousee.aop.RecordTimeAspect - 方法 getEmpList 执行耗时：11ms
2026-05-09 09:41:59 [http-nio-8080-exec-4] INFO  com.eiousee.aop.LogAspect - 操作日志：OperationLog(id=null, operator=null, operationTime=2026-05-09T09:41:59.425858400, operationClass=com.eiousee.service.impl.EmpServiceImpl, operationMethod=getEmpList, operationParams=[EmpQueryParam(name=, sex=, begin=null, end=null, page=1, pageSize=10)], operationResult=PageResult(total=11, rows=Page{count=true, pageNum=1, pageSize=10, startRow=0, endRow=10, total=11, pages=2, reasonable=false, pageSizeZero=false}[Employee(id=1, name=张三, birth=1990-01-01, sex=男, avatarPath=null, deptName=行政部, jobName=讲师, boardDate=2020-01-01, updateTime=2026-04-21T14:47:39, empExpList=null), Employee(id=2, name=李四, birth=1991-01-01, sex=女, avatarPath=null, deptName=行政部, jobName=讲师, boardDate=2020-01-01, updateTime=2026-04-21T14:47:42, empExpList=null), Employee(id=3, name=王五, birth=1992-01-01, sex=男, avatarPath=null, deptName=行政部, jobName=副教授, boardDate=2020-01-01, updateTime=2026-04-21T14:47:45, empExpList=null), Employee(id=4, name=赵六, birth=1993-01-01, sex=女, avatarPath=null, deptName=行政部, jobName=教授, boardDate=2020-01-01, updateTime=2026-04-21T14:47:47, empExpList=null), Employee(id=5, name=张伟, birth=1994-05-15, sex=男, avatarPath=null, deptName=行政部, jobName=助教, boardDate=2021-03-15, updateTime=2026-04-21T14:47:49, empExpList=null), Employee(id=6, name=王芳, birth=1995-08-20, sex=女, avatarPath=null, deptName=咨询部, jobName=工程师, boardDate=2021-06-01, updateTime=2021-06-01T00:00, empExpList=null), Employee(id=7, name=李军, birth=1988-12-10, sex=男, avatarPath=null, deptName=就业部, jobName=助教, boardDate=2019-11-11, updateTime=2019-11-11T00:00, empExpList=null), Employee(id=8, name=杨敏, birth=1996-02-28, sex=女, avatarPath=null, deptName=人事部, jobName=工程师, boardDate=2022-01-05, updateTime=2022-01-05T00:00, empExpList=null), Employee(id=9, name=刘洋, birth=1992-07-07, sex=男, avatarPath=null, deptName=行政部, jobName=助教, boardDate=2020-07-07, updateTime=2026-04-21T14:47:51, empExpList=null), Employee(id=10, name=李娜, birth=1998-03-12, sex=女, avatarPath=null, deptName=教研部, jobName=工程师, boardDate=2023-02-14, updateTime=2023-02-14T00:00, empExpList=null)]), costTime=11)
2026-05-09 09:41:59 [http-nio-8080-exec-4] INFO  com.eiousee.aop.RecordTimeAspect - 方法 addLog 执行耗时：5ms
2026-05-09 09:41:59 [http-nio-8080-exec-4] INFO  com.eiousee.aop.RecordTimeAspect - 方法 getEmpList 执行耗时：16ms
2026-05-09 09:42:00 [http-nio-8080-exec-8] INFO  com.eiousee.controller.DeptController - 查询所有部门数据
2026-05-09 09:42:00 [http-nio-8080-exec-8] INFO  com.eiousee.aop.RecordTimeAspect - 方法 getAllDepts 执行耗时：3ms
2026-05-09 09:42:00 [http-nio-8080-exec-8] INFO  com.eiousee.aop.RecordTimeAspect - 方法 getAllDepts 执行耗时：3ms
2026-05-09 09:42:00 [http-nio-8080-exec-8] INFO  com.eiousee.aop.LogAspect - 操作日志：OperationLog(id=null, operator=null, operationTime=2026-05-09T09:42:00.898991500, operationClass=com.eiousee.service.impl.DeptServiceImpl, operationMethod=getAllDepts, operationParams=[], operationResult=[Dept(id=14, name=行政部, createTime=2026-04-21T14:47:29, updateTime=2026-04-21T14:47:29), Dept(id=13, name=金融部, createTime=2026-04-17T15:07:45, updateTime=2026-04-17T15:07:45), Dept(id=5, name=人事部, createTime=2026-04-08T17:00, updateTime=2026-04-09T18:20:17), Dept(id=1, name=学工部, createTime=2026-04-08T17:00, updateTime=2026-04-08T17:00), Dept(id=2, name=教研部, createTime=2026-04-08T17:00, updateTime=2026-04-08T17:00), Dept(id=3, name=咨询部, createTime=2026-04-08T17:00, updateTime=2026-04-08T17:00), Dept(id=4, name=就业部, createTime=2026-04-08T17:00, updateTime=2026-04-08T17:00)], costTime=3)
2026-05-09 09:42:00 [http-nio-8080-exec-8] INFO  com.eiousee.aop.RecordTimeAspect - 方法 addLog 执行耗时：13ms
2026-05-09 09:42:00 [http-nio-8080-exec-8] INFO  com.eiousee.aop.RecordTimeAspect - 方法 list 执行耗时：16ms
2026-05-09 09:42:01 [http-nio-8080-exec-9] INFO  com.eiousee.controller.EmpController - 查询员工列表，参数：EmpQueryParam(name=, sex=, begin=null, end=null, page=1, pageSize=10)
2026-05-09 09:42:01 [http-nio-8080-exec-9] INFO  com.eiousee.aop.RecordTimeAspect - 方法 getEmpList 执行耗时：11ms
2026-05-09 09:42:01 [http-nio-8080-exec-9] INFO  com.eiousee.aop.RecordTimeAspect - 方法 getEmpList 执行耗时：15ms
2026-05-09 09:42:01 [http-nio-8080-exec-9] INFO  com.eiousee.aop.LogAspect - 操作日志：OperationLog(id=null, operator=null, operationTime=2026-05-09T09:42:01.465228100, operationClass=com.eiousee.service.impl.EmpServiceImpl, operationMethod=getEmpList, operationParams=[EmpQueryParam(name=, sex=, begin=null, end=null, page=1, pageSize=10)], operationResult=PageResult(total=11, rows=Page{count=true, pageNum=1, pageSize=10, startRow=0, endRow=10, total=11, pages=2, reasonable=false, pageSizeZero=false}[Employee(id=1, name=张三, birth=1990-01-01, sex=男, avatarPath=null, deptName=行政部, jobName=讲师, boardDate=2020-01-01, updateTime=2026-04-21T14:47:39, empExpList=null), Employee(id=2, name=李四, birth=1991-01-01, sex=女, avatarPath=null, deptName=行政部, jobName=讲师, boardDate=2020-01-01, updateTime=2026-04-21T14:47:42, empExpList=null), Employee(id=3, name=王五, birth=1992-01-01, sex=男, avatarPath=null, deptName=行政部, jobName=副教授, boardDate=2020-01-01, updateTime=2026-04-21T14:47:45, empExpList=null), Employee(id=4, name=赵六, birth=1993-01-01, sex=女, avatarPath=null, deptName=行政部, jobName=教授, boardDate=2020-01-01, updateTime=2026-04-21T14:47:47, empExpList=null), Employee(id=5, name=张伟, birth=1994-05-15, sex=男, avatarPath=null, deptName=行政部, jobName=助教, boardDate=2021-03-15, updateTime=2026-04-21T14:47:49, empExpList=null), Employee(id=6, name=王芳, birth=1995-08-20, sex=女, avatarPath=null, deptName=咨询部, jobName=工程师, boardDate=2021-06-01, updateTime=2021-06-01T00:00, empExpList=null), Employee(id=7, name=李军, birth=1988-12-10, sex=男, avatarPath=null, deptName=就业部, jobName=助教, boardDate=2019-11-11, updateTime=2019-11-11T00:00, empExpList=null), Employee(id=8, name=杨敏, birth=1996-02-28, sex=女, avatarPath=null, deptName=人事部, jobName=工程师, boardDate=2022-01-05, updateTime=2022-01-05T00:00, empExpList=null), Employee(id=9, name=刘洋, birth=1992-07-07, sex=男, avatarPath=null, deptName=行政部, jobName=助教, boardDate=2020-07-07, updateTime=2026-04-21T14:47:51, empExpList=null), Employee(id=10, name=李娜, birth=1998-03-12, sex=女, avatarPath=null, deptName=教研部, jobName=工程师, boardDate=2023-02-14, updateTime=2023-02-14T00:00, empExpList=null)]), costTime=15)
2026-05-09 09:42:01 [http-nio-8080-exec-9] INFO  com.eiousee.aop.RecordTimeAspect - 方法 addLog 执行耗时：9ms
2026-05-09 09:42:01 [http-nio-8080-exec-9] INFO  com.eiousee.aop.RecordTimeAspect - 方法 getEmpList 执行耗时：25ms
2026-05-09 09:42:42 [http-nio-8080-exec-10] INFO  com.eiousee.controller.DeptController - 查询所有部门数据
2026-05-09 09:42:42 [http-nio-8080-exec-10] INFO  com.eiousee.aop.RecordTimeAspect - 方法 getAllDepts 执行耗时：3ms
2026-05-09 09:42:42 [http-nio-8080-exec-10] INFO  com.eiousee.aop.RecordTimeAspect - 方法 getAllDepts 执行耗时：3ms
2026-05-09 09:42:42 [http-nio-8080-exec-10] INFO  com.eiousee.aop.LogAspect - 操作日志：OperationLog(id=null, operator=null, operationTime=2026-05-09T09:42:42.449504200, operationClass=com.eiousee.service.impl.DeptServiceImpl, operationMethod=getAllDepts, operationParams=[], operationResult=[Dept(id=14, name=行政部, createTime=2026-04-21T14:47:29, updateTime=2026-04-21T14:47:29), Dept(id=13, name=金融部, createTime=2026-04-17T15:07:45, updateTime=2026-04-17T15:07:45), Dept(id=5, name=人事部, createTime=2026-04-08T17:00, updateTime=2026-04-09T18:20:17), Dept(id=1, name=学工部, createTime=2026-04-08T17:00, updateTime=2026-04-08T17:00), Dept(id=2, name=教研部, createTime=2026-04-08T17:00, updateTime=2026-04-08T17:00), Dept(id=3, name=咨询部, createTime=2026-04-08T17:00, updateTime=2026-04-08T17:00), Dept(id=4, name=就业部, createTime=2026-04-08T17:00, updateTime=2026-04-08T17:00)], costTime=3)
2026-05-09 09:42:42 [http-nio-8080-exec-10] INFO  com.eiousee.aop.RecordTimeAspect - 方法 addLog 执行耗时：7ms
2026-05-09 09:42:42 [http-nio-8080-exec-10] INFO  com.eiousee.aop.RecordTimeAspect - 方法 list 执行耗时：11ms
2026-05-09 09:42:46 [http-nio-8080-exec-1] INFO  com.eiousee.controller.EmpController - 查询员工列表，参数：EmpQueryParam(name=, sex=, begin=null, end=null, page=1, pageSize=10)
2026-05-09 09:42:46 [http-nio-8080-exec-1] INFO  com.eiousee.aop.RecordTimeAspect - 方法 getEmpList 执行耗时：9ms
2026-05-09 09:42:46 [http-nio-8080-exec-1] INFO  com.eiousee.aop.RecordTimeAspect - 方法 getEmpList 执行耗时：9ms
2026-05-09 09:42:46 [http-nio-8080-exec-1] INFO  com.eiousee.aop.LogAspect - 操作日志：OperationLog(id=null, operator=null, operationTime=2026-05-09T09:42:46.343566400, operationClass=com.eiousee.service.impl.EmpServiceImpl, operationMethod=getEmpList, operationParams=[EmpQueryParam(name=, sex=, begin=null, end=null, page=1, pageSize=10)], operationResult=PageResult(total=11, rows=Page{count=true, pageNum=1, pageSize=10, startRow=0, endRow=10, total=11, pages=2, reasonable=false, pageSizeZero=false}[Employee(id=1, name=张三, birth=1990-01-01, sex=男, avatarPath=null, deptName=行政部, jobName=讲师, boardDate=2020-01-01, updateTime=2026-04-21T14:47:39, empExpList=null), Employee(id=2, name=李四, birth=1991-01-01, sex=女, avatarPath=null, deptName=行政部, jobName=讲师, boardDate=2020-01-01, updateTime=2026-04-21T14:47:42, empExpList=null), Employee(id=3, name=王五, birth=1992-01-01, sex=男, avatarPath=null, deptName=行政部, jobName=副教授, boardDate=2020-01-01, updateTime=2026-04-21T14:47:45, empExpList=null), Employee(id=4, name=赵六, birth=1993-01-01, sex=女, avatarPath=null, deptName=行政部, jobName=教授, boardDate=2020-01-01, updateTime=2026-04-21T14:47:47, empExpList=null), Employee(id=5, name=张伟, birth=1994-05-15, sex=男, avatarPath=null, deptName=行政部, jobName=助教, boardDate=2021-03-15, updateTime=2026-04-21T14:47:49, empExpList=null), Employee(id=6, name=王芳, birth=1995-08-20, sex=女, avatarPath=null, deptName=咨询部, jobName=工程师, boardDate=2021-06-01, updateTime=2021-06-01T00:00, empExpList=null), Employee(id=7, name=李军, birth=1988-12-10, sex=男, avatarPath=null, deptName=就业部, jobName=助教, boardDate=2019-11-11, updateTime=2019-11-11T00:00, empExpList=null), Employee(id=8, name=杨敏, birth=1996-02-28, sex=女, avatarPath=null, deptName=人事部, jobName=工程师, boardDate=2022-01-05, updateTime=2022-01-05T00:00, empExpList=null), Employee(id=9, name=刘洋, birth=1992-07-07, sex=男, avatarPath=null, deptName=行政部, jobName=助教, boardDate=2020-07-07, updateTime=2026-04-21T14:47:51, empExpList=null), Employee(id=10, name=李娜, birth=1998-03-12, sex=女, avatarPath=null, deptName=教研部, jobName=工程师, boardDate=2023-02-14, updateTime=2023-02-14T00:00, empExpList=null)]), costTime=9)
2026-05-09 09:42:46 [http-nio-8080-exec-1] INFO  com.eiousee.aop.RecordTimeAspect - 方法 addLog 执行耗时：12ms
2026-05-09 09:42:46 [http-nio-8080-exec-1] INFO  com.eiousee.aop.RecordTimeAspect - 方法 getEmpList 执行耗时：22ms
2026-05-09 09:42:47 [http-nio-8080-exec-2] INFO  com.eiousee.controller.DeptController - 查询所有部门数据
2026-05-09 09:42:47 [http-nio-8080-exec-2] INFO  com.eiousee.aop.RecordTimeAspect - 方法 getAllDepts 执行耗时：3ms
2026-05-09 09:42:47 [http-nio-8080-exec-2] INFO  com.eiousee.aop.RecordTimeAspect - 方法 getAllDepts 执行耗时：3ms
2026-05-09 09:42:47 [http-nio-8080-exec-2] INFO  com.eiousee.aop.LogAspect - 操作日志：OperationLog(id=null, operator=null, operationTime=2026-05-09T09:42:47.453951500, operationClass=com.eiousee.service.impl.DeptServiceImpl, operationMethod=getAllDepts, operationParams=[], operationResult=[Dept(id=14, name=行政部, createTime=2026-04-21T14:47:29, updateTime=2026-04-21T14:47:29), Dept(id=13, name=金融部, createTime=2026-04-17T15:07:45, updateTime=2026-04-17T15:07:45), Dept(id=5, name=人事部, createTime=2026-04-08T17:00, updateTime=2026-04-09T18:20:17), Dept(id=1, name=学工部, createTime=2026-04-08T17:00, updateTime=2026-04-08T17:00), Dept(id=2, name=教研部, createTime=2026-04-08T17:00, updateTime=2026-04-08T17:00), Dept(id=3, name=咨询部, createTime=2026-04-08T17:00, updateTime=2026-04-08T17:00), Dept(id=4, name=就业部, createTime=2026-04-08T17:00, updateTime=2026-04-08T17:00)], costTime=3)
2026-05-09 09:42:47 [http-nio-8080-exec-2] INFO  com.eiousee.aop.RecordTimeAspect - 方法 addLog 执行耗时：3ms
2026-05-09 09:42:47 [http-nio-8080-exec-2] INFO  com.eiousee.aop.RecordTimeAspect - 方法 list 执行耗时：6ms
2026-05-09 09:42:48 [http-nio-8080-exec-3] INFO  com.eiousee.controller.EmpController - 查询员工列表，参数：EmpQueryParam(name=, sex=, begin=null, end=null, page=1, pageSize=10)
2026-05-09 09:42:48 [http-nio-8080-exec-3] INFO  com.eiousee.aop.RecordTimeAspect - 方法 getEmpList 执行耗时：8ms
2026-05-09 09:42:48 [http-nio-8080-exec-3] INFO  com.eiousee.aop.RecordTimeAspect - 方法 getEmpList 执行耗时：8ms
2026-05-09 09:42:48 [http-nio-8080-exec-3] INFO  com.eiousee.aop.LogAspect - 操作日志：OperationLog(id=null, operator=null, operationTime=2026-05-09T09:42:48.720680600, operationClass=com.eiousee.service.impl.EmpServiceImpl, operationMethod=getEmpList, operationParams=[EmpQueryParam(name=, sex=, begin=null, end=null, page=1, pageSize=10)], operationResult=PageResult(total=11, rows=Page{count=true, pageNum=1, pageSize=10, startRow=0, endRow=10, total=11, pages=2, reasonable=false, pageSizeZero=false}[Employee(id=1, name=张三, birth=1990-01-01, sex=男, avatarPath=null, deptName=行政部, jobName=讲师, boardDate=2020-01-01, updateTime=2026-04-21T14:47:39, empExpList=null), Employee(id=2, name=李四, birth=1991-01-01, sex=女, avatarPath=null, deptName=行政部, jobName=讲师, boardDate=2020-01-01, updateTime=2026-04-21T14:47:42, empExpList=null), Employee(id=3, name=王五, birth=1992-01-01, sex=男, avatarPath=null, deptName=行政部, jobName=副教授, boardDate=2020-01-01, updateTime=2026-04-21T14:47:45, empExpList=null), Employee(id=4, name=赵六, birth=1993-01-01, sex=女, avatarPath=null, deptName=行政部, jobName=教授, boardDate=2020-01-01, updateTime=2026-04-21T14:47:47, empExpList=null), Employee(id=5, name=张伟, birth=1994-05-15, sex=男, avatarPath=null, deptName=行政部, jobName=助教, boardDate=2021-03-15, updateTime=2026-04-21T14:47:49, empExpList=null), Employee(id=6, name=王芳, birth=1995-08-20, sex=女, avatarPath=null, deptName=咨询部, jobName=工程师, boardDate=2021-06-01, updateTime=2021-06-01T00:00, empExpList=null), Employee(id=7, name=李军, birth=1988-12-10, sex=男, avatarPath=null, deptName=就业部, jobName=助教, boardDate=2019-11-11, updateTime=2019-11-11T00:00, empExpList=null), Employee(id=8, name=杨敏, birth=1996-02-28, sex=女, avatarPath=null, deptName=人事部, jobName=工程师, boardDate=2022-01-05, updateTime=2022-01-05T00:00, empExpList=null), Employee(id=9, name=刘洋, birth=1992-07-07, sex=男, avatarPath=null, deptName=行政部, jobName=助教, boardDate=2020-07-07, updateTime=2026-04-21T14:47:51, empExpList=null), Employee(id=10, name=李娜, birth=1998-03-12, sex=女, avatarPath=null, deptName=教研部, jobName=工程师, boardDate=2023-02-14, updateTime=2023-02-14T00:00, empExpList=null)]), costTime=8)
2026-05-09 09:42:48 [http-nio-8080-exec-3] INFO  com.eiousee.aop.RecordTimeAspect - 方法 addLog 执行耗时：4ms
2026-05-09 09:42:48 [http-nio-8080-exec-3] INFO  com.eiousee.aop.RecordTimeAspect - 方法 getEmpList 执行耗时：14ms
2026-05-09 09:43:14 [http-nio-8080-exec-7] INFO  com.eiousee.controller.DeptController - 查询所有部门数据
2026-05-09 09:43:14 [http-nio-8080-exec-7] INFO  com.eiousee.aop.RecordTimeAspect - 方法 getAllDepts 执行耗时：7ms
2026-05-09 09:43:14 [http-nio-8080-exec-7] INFO  com.eiousee.aop.RecordTimeAspect - 方法 getAllDepts 执行耗时：7ms
2026-05-09 09:43:14 [http-nio-8080-exec-7] INFO  com.eiousee.aop.LogAspect - 操作日志：OperationLog(id=null, operator=null, operationTime=2026-05-09T09:43:14.736025600, operationClass=com.eiousee.service.impl.DeptServiceImpl, operationMethod=getAllDepts, operationParams=[], operationResult=[Dept(id=14, name=行政部, createTime=2026-04-21T14:47:29, updateTime=2026-04-21T14:47:29), Dept(id=13, name=金融部, createTime=2026-04-17T15:07:45, updateTime=2026-04-17T15:07:45), Dept(id=5, name=人事部, createTime=2026-04-08T17:00, updateTime=2026-04-09T18:20:17), Dept(id=1, name=学工部, createTime=2026-04-08T17:00, updateTime=2026-04-08T17:00), Dept(id=2, name=教研部, createTime=2026-04-08T17:00, updateTime=2026-04-08T17:00), Dept(id=3, name=咨询部, createTime=2026-04-08T17:00, updateTime=2026-04-08T17:00), Dept(id=4, name=就业部, createTime=2026-04-08T17:00, updateTime=2026-04-08T17:00)], costTime=7)
2026-05-09 09:43:14 [http-nio-8080-exec-7] INFO  com.eiousee.aop.RecordTimeAspect - 方法 addLog 执行耗时：5ms
2026-05-09 09:43:14 [http-nio-8080-exec-7] INFO  com.eiousee.aop.RecordTimeAspect - 方法 list 执行耗时：14ms
2026-05-09 09:43:15 [http-nio-8080-exec-5] INFO  com.eiousee.controller.EmpController - 查询员工列表，参数：EmpQueryParam(name=, sex=, begin=null, end=null, page=1, pageSize=10)
2026-05-09 09:43:15 [http-nio-8080-exec-5] INFO  com.eiousee.aop.RecordTimeAspect - 方法 getEmpList 执行耗时：11ms
2026-05-09 09:43:15 [http-nio-8080-exec-5] INFO  com.eiousee.aop.RecordTimeAspect - 方法 getEmpList 执行耗时：11ms
2026-05-09 09:43:15 [http-nio-8080-exec-5] INFO  com.eiousee.aop.LogAspect - 操作日志：OperationLog(id=null, operator=null, operationTime=2026-05-09T09:43:15.039291600, operationClass=com.eiousee.service.impl.EmpServiceImpl, operationMethod=getEmpList, operationParams=[EmpQueryParam(name=, sex=, begin=null, end=null, page=1, pageSize=10)], operationResult=PageResult(total=11, rows=Page{count=true, pageNum=1, pageSize=10, startRow=0, endRow=10, total=11, pages=2, reasonable=false, pageSizeZero=false}[Employee(id=1, name=张三, birth=1990-01-01, sex=男, avatarPath=null, deptName=行政部, jobName=讲师, boardDate=2020-01-01, updateTime=2026-04-21T14:47:39, empExpList=null), Employee(id=2, name=李四, birth=1991-01-01, sex=女, avatarPath=null, deptName=行政部, jobName=讲师, boardDate=2020-01-01, updateTime=2026-04-21T14:47:42, empExpList=null), Employee(id=3, name=王五, birth=1992-01-01, sex=男, avatarPath=null, deptName=行政部, jobName=副教授, boardDate=2020-01-01, updateTime=2026-04-21T14:47:45, empExpList=null), Employee(id=4, name=赵六, birth=1993-01-01, sex=女, avatarPath=null, deptName=行政部, jobName=教授, boardDate=2020-01-01, updateTime=2026-04-21T14:47:47, empExpList=null), Employee(id=5, name=张伟, birth=1994-05-15, sex=男, avatarPath=null, deptName=行政部, jobName=助教, boardDate=2021-03-15, updateTime=2026-04-21T14:47:49, empExpList=null), Employee(id=6, name=王芳, birth=1995-08-20, sex=女, avatarPath=null, deptName=咨询部, jobName=工程师, boardDate=2021-06-01, updateTime=2021-06-01T00:00, empExpList=null), Employee(id=7, name=李军, birth=1988-12-10, sex=男, avatarPath=null, deptName=就业部, jobName=助教, boardDate=2019-11-11, updateTime=2019-11-11T00:00, empExpList=null), Employee(id=8, name=杨敏, birth=1996-02-28, sex=女, avatarPath=null, deptName=人事部, jobName=工程师, boardDate=2022-01-05, updateTime=2022-01-05T00:00, empExpList=null), Employee(id=9, name=刘洋, birth=1992-07-07, sex=男, avatarPath=null, deptName=行政部, jobName=助教, boardDate=2020-07-07, updateTime=2026-04-21T14:47:51, empExpList=null), Employee(id=10, name=李娜, birth=1998-03-12, sex=女, avatarPath=null, deptName=教研部, jobName=工程师, boardDate=2023-02-14, updateTime=2023-02-14T00:00, empExpList=null)]), costTime=11)
2026-05-09 09:43:15 [http-nio-8080-exec-5] INFO  com.eiousee.aop.RecordTimeAspect - 方法 addLog 执行耗时：5ms
2026-05-09 09:43:15 [http-nio-8080-exec-5] INFO  com.eiousee.aop.RecordTimeAspect - 方法 getEmpList 执行耗时：18ms
2026-05-09 09:43:16 [http-nio-8080-exec-6] INFO  com.eiousee.controller.DeptController - 查询所有部门数据
2026-05-09 09:43:16 [http-nio-8080-exec-6] INFO  com.eiousee.aop.RecordTimeAspect - 方法 getAllDepts 执行耗时：3ms
2026-05-09 09:43:16 [http-nio-8080-exec-6] INFO  com.eiousee.aop.RecordTimeAspect - 方法 getAllDepts 执行耗时：3ms
2026-05-09 09:43:16 [http-nio-8080-exec-6] INFO  com.eiousee.aop.LogAspect - 操作日志：OperationLog(id=null, operator=null, operationTime=2026-05-09T09:43:16.074407300, operationClass=com.eiousee.service.impl.DeptServiceImpl, operationMethod=getAllDepts, operationParams=[], operationResult=[Dept(id=14, name=行政部, createTime=2026-04-21T14:47:29, updateTime=2026-04-21T14:47:29), Dept(id=13, name=金融部, createTime=2026-04-17T15:07:45, updateTime=2026-04-17T15:07:45), Dept(id=5, name=人事部, createTime=2026-04-08T17:00, updateTime=2026-04-09T18:20:17), Dept(id=1, name=学工部, createTime=2026-04-08T17:00, updateTime=2026-04-08T17:00), Dept(id=2, name=教研部, createTime=2026-04-08T17:00, updateTime=2026-04-08T17:00), Dept(id=3, name=咨询部, createTime=2026-04-08T17:00, updateTime=2026-04-08T17:00), Dept(id=4, name=就业部, createTime=2026-04-08T17:00, updateTime=2026-04-08T17:00)], costTime=3)
2026-05-09 09:43:16 [http-nio-8080-exec-6] INFO  com.eiousee.aop.RecordTimeAspect - 方法 addLog 执行耗时：3ms
2026-05-09 09:43:16 [http-nio-8080-exec-6] INFO  com.eiousee.aop.RecordTimeAspect - 方法 list 执行耗时：9ms
2026-05-09 09:45:52 [http-nio-8080-exec-4] INFO  com.eiousee.controller.DeptController - 查询所有部门数据
2026-05-09 09:45:52 [http-nio-8080-exec-4] INFO  com.eiousee.aop.RecordTimeAspect - 方法 getAllDepts 执行耗时：5ms
2026-05-09 09:45:52 [http-nio-8080-exec-4] INFO  com.eiousee.aop.RecordTimeAspect - 方法 getAllDepts 执行耗时：6ms
2026-05-09 09:45:52 [http-nio-8080-exec-4] INFO  com.eiousee.aop.LogAspect - 操作日志：OperationLog(id=null, operator=null, operationTime=2026-05-09T09:45:52.929149400, operationClass=com.eiousee.service.impl.DeptServiceImpl, operationMethod=getAllDepts, operationParams=[], operationResult=[Dept(id=14, name=行政部, createTime=2026-04-21T14:47:29, updateTime=2026-04-21T14:47:29), Dept(id=13, name=金融部, createTime=2026-04-17T15:07:45, updateTime=2026-04-17T15:07:45), Dept(id=5, name=人事部, createTime=2026-04-08T17:00, updateTime=2026-04-09T18:20:17), Dept(id=1, name=学工部, createTime=2026-04-08T17:00, updateTime=2026-04-08T17:00), Dept(id=2, name=教研部, createTime=2026-04-08T17:00, updateTime=2026-04-08T17:00), Dept(id=3, name=咨询部, createTime=2026-04-08T17:00, updateTime=2026-04-08T17:00), Dept(id=4, name=就业部, createTime=2026-04-08T17:00, updateTime=2026-04-08T17:00)], costTime=6)
2026-05-09 09:45:52 [http-nio-8080-exec-4] INFO  com.eiousee.aop.RecordTimeAspect - 方法 addLog 执行耗时：3ms
2026-05-09 09:45:52 [http-nio-8080-exec-4] INFO  com.eiousee.aop.RecordTimeAspect - 方法 list 执行耗时：10ms
2026-05-09 09:46:03 [http-nio-8080-exec-8] INFO  com.eiousee.controller.DeptController - 查询所有部门数据
2026-05-09 09:46:03 [http-nio-8080-exec-8] INFO  com.eiousee.aop.RecordTimeAspect - 方法 getAllDepts 执行耗时：3ms
2026-05-09 09:46:03 [http-nio-8080-exec-8] INFO  com.eiousee.aop.RecordTimeAspect - 方法 getAllDepts 执行耗时：4ms
2026-05-09 09:46:03 [http-nio-8080-exec-8] INFO  com.eiousee.aop.LogAspect - 操作日志：OperationLog(id=null, operator=null, operationTime=2026-05-09T09:46:03.955016400, operationClass=com.eiousee.service.impl.DeptServiceImpl, operationMethod=getAllDepts, operationParams=[], operationResult=[Dept(id=14, name=行政部, createTime=2026-04-21T14:47:29, updateTime=2026-04-21T14:47:29), Dept(id=13, name=金融部, createTime=2026-04-17T15:07:45, updateTime=2026-04-17T15:07:45), Dept(id=5, name=人事部, createTime=2026-04-08T17:00, updateTime=2026-04-09T18:20:17), Dept(id=1, name=学工部, createTime=2026-04-08T17:00, updateTime=2026-04-08T17:00), Dept(id=2, name=教研部, createTime=2026-04-08T17:00, updateTime=2026-04-08T17:00), Dept(id=3, name=咨询部, createTime=2026-04-08T17:00, updateTime=2026-04-08T17:00), Dept(id=4, name=就业部, createTime=2026-04-08T17:00, updateTime=2026-04-08T17:00)], costTime=4)
2026-05-09 09:46:03 [http-nio-8080-exec-8] INFO  com.eiousee.aop.RecordTimeAspect - 方法 addLog 执行耗时：3ms
2026-05-09 09:46:03 [http-nio-8080-exec-8] INFO  com.eiousee.aop.RecordTimeAspect - 方法 list 执行耗时：7ms
2026-05-09 09:46:09 [http-nio-8080-exec-9] INFO  com.eiousee.controller.DeptController - 查询所有部门数据
2026-05-09 09:46:09 [http-nio-8080-exec-9] INFO  com.eiousee.aop.RecordTimeAspect - 方法 getAllDepts 执行耗时：2ms
2026-05-09 09:46:09 [http-nio-8080-exec-9] INFO  com.eiousee.aop.RecordTimeAspect - 方法 getAllDepts 执行耗时：3ms
2026-05-09 09:46:09 [http-nio-8080-exec-9] INFO  com.eiousee.aop.LogAspect - 操作日志：OperationLog(id=null, operator=null, operationTime=2026-05-09T09:46:09.040399, operationClass=com.eiousee.service.impl.DeptServiceImpl, operationMethod=getAllDepts, operationParams=[], operationResult=[Dept(id=14, name=行政部, createTime=2026-04-21T14:47:29, updateTime=2026-04-21T14:47:29), Dept(id=13, name=金融部, createTime=2026-04-17T15:07:45, updateTime=2026-04-17T15:07:45), Dept(id=5, name=人事部, createTime=2026-04-08T17:00, updateTime=2026-04-09T18:20:17), Dept(id=1, name=学工部, createTime=2026-04-08T17:00, updateTime=2026-04-08T17:00), Dept(id=2, name=教研部, createTime=2026-04-08T17:00, updateTime=2026-04-08T17:00), Dept(id=3, name=咨询部, createTime=2026-04-08T17:00, updateTime=2026-04-08T17:00), Dept(id=4, name=就业部, createTime=2026-04-08T17:00, updateTime=2026-04-08T17:00)], costTime=3)
2026-05-09 09:46:09 [http-nio-8080-exec-9] INFO  com.eiousee.aop.RecordTimeAspect - 方法 addLog 执行耗时：4ms
2026-05-09 09:46:09 [http-nio-8080-exec-9] INFO  com.eiousee.aop.RecordTimeAspect - 方法 list 执行耗时：8ms
2026-05-09 09:46:27 [http-nio-8080-exec-10] INFO  com.eiousee.controller.DeptController - 查询所有部门数据
2026-05-09 09:46:27 [http-nio-8080-exec-10] INFO  com.eiousee.aop.RecordTimeAspect - 方法 getAllDepts 执行耗时：3ms
2026-05-09 09:46:27 [http-nio-8080-exec-10] INFO  com.eiousee.aop.RecordTimeAspect - 方法 getAllDepts 执行耗时：3ms
2026-05-09 09:46:27 [http-nio-8080-exec-10] INFO  com.eiousee.aop.LogAspect - 操作日志：OperationLog(id=null, operator=null, operationTime=2026-05-09T09:46:27.193243600, operationClass=com.eiousee.service.impl.DeptServiceImpl, operationMethod=getAllDepts, operationParams=[], operationResult=[Dept(id=14, name=行政部, createTime=2026-04-21T14:47:29, updateTime=2026-04-21T14:47:29), Dept(id=13, name=金融部, createTime=2026-04-17T15:07:45, updateTime=2026-04-17T15:07:45), Dept(id=5, name=人事部, createTime=2026-04-08T17:00, updateTime=2026-04-09T18:20:17), Dept(id=1, name=学工部, createTime=2026-04-08T17:00, updateTime=2026-04-08T17:00), Dept(id=2, name=教研部, createTime=2026-04-08T17:00, updateTime=2026-04-08T17:00), Dept(id=3, name=咨询部, createTime=2026-04-08T17:00, updateTime=2026-04-08T17:00), Dept(id=4, name=就业部, createTime=2026-04-08T17:00, updateTime=2026-04-08T17:00)], costTime=3)
2026-05-09 09:46:27 [http-nio-8080-exec-10] INFO  com.eiousee.aop.RecordTimeAspect - 方法 addLog 执行耗时：4ms
2026-05-09 09:46:27 [http-nio-8080-exec-10] INFO  com.eiousee.aop.RecordTimeAspect - 方法 list 执行耗时：7ms
2026-05-09 09:48:46 [http-nio-8080-exec-1] INFO  com.eiousee.controller.DeptController - 查询所有部门数据
2026-05-09 09:48:46 [http-nio-8080-exec-1] INFO  com.eiousee.aop.RecordTimeAspect - 方法 getAllDepts 执行耗时：3ms
2026-05-09 09:48:46 [http-nio-8080-exec-1] INFO  com.eiousee.aop.RecordTimeAspect - 方法 getAllDepts 执行耗时：3ms
2026-05-09 09:48:46 [http-nio-8080-exec-1] INFO  com.eiousee.aop.LogAspect - 操作日志：OperationLog(id=null, operator=null, operationTime=2026-05-09T09:48:46.469996500, operationClass=com.eiousee.service.impl.DeptServiceImpl, operationMethod=getAllDepts, operationParams=[], operationResult=[Dept(id=14, name=行政部, createTime=2026-04-21T14:47:29, updateTime=2026-04-21T14:47:29), Dept(id=13, name=金融部, createTime=2026-04-17T15:07:45, updateTime=2026-04-17T15:07:45), Dept(id=5, name=人事部, createTime=2026-04-08T17:00, updateTime=2026-04-09T18:20:17), Dept(id=1, name=学工部, createTime=2026-04-08T17:00, updateTime=2026-04-08T17:00), Dept(id=2, name=教研部, createTime=2026-04-08T17:00, updateTime=2026-04-08T17:00), Dept(id=3, name=咨询部, createTime=2026-04-08T17:00, updateTime=2026-04-08T17:00), Dept(id=4, name=就业部, createTime=2026-04-08T17:00, updateTime=2026-04-08T17:00)], costTime=3)
2026-05-09 09:48:46 [http-nio-8080-exec-1] INFO  com.eiousee.aop.RecordTimeAspect - 方法 addLog 执行耗时：4ms
2026-05-09 09:48:46 [http-nio-8080-exec-1] INFO  com.eiousee.aop.RecordTimeAspect - 方法 list 执行耗时：9ms
2026-05-09 09:48:52 [http-nio-8080-exec-2] INFO  com.eiousee.controller.EmpController - 查询员工列表，参数：EmpQueryParam(name=, sex=, begin=null, end=null, page=1, pageSize=10)
2026-05-09 09:48:52 [http-nio-8080-exec-2] INFO  com.eiousee.aop.RecordTimeAspect - 方法 getEmpList 执行耗时：8ms
2026-05-09 09:48:52 [http-nio-8080-exec-2] INFO  com.eiousee.aop.RecordTimeAspect - 方法 getEmpList 执行耗时：8ms
2026-05-09 09:48:52 [http-nio-8080-exec-2] INFO  com.eiousee.aop.LogAspect - 操作日志：OperationLog(id=null, operator=null, operationTime=2026-05-09T09:48:52.562321600, operationClass=com.eiousee.service.impl.EmpServiceImpl, operationMethod=getEmpList, operationParams=[EmpQueryParam(name=, sex=, begin=null, end=null, page=1, pageSize=10)], operationResult=PageResult(total=11, rows=Page{count=true, pageNum=1, pageSize=10, startRow=0, endRow=10, total=11, pages=2, reasonable=false, pageSizeZero=false}[Employee(id=1, name=张三, birth=1990-01-01, sex=男, avatarPath=null, deptName=行政部, jobName=讲师, boardDate=2020-01-01, updateTime=2026-04-21T14:47:39, empExpList=null), Employee(id=2, name=李四, birth=1991-01-01, sex=女, avatarPath=null, deptName=行政部, jobName=讲师, boardDate=2020-01-01, updateTime=2026-04-21T14:47:42, empExpList=null), Employee(id=3, name=王五, birth=1992-01-01, sex=男, avatarPath=null, deptName=行政部, jobName=副教授, boardDate=2020-01-01, updateTime=2026-04-21T14:47:45, empExpList=null), Employee(id=4, name=赵六, birth=1993-01-01, sex=女, avatarPath=null, deptName=行政部, jobName=教授, boardDate=2020-01-01, updateTime=2026-04-21T14:47:47, empExpList=null), Employee(id=5, name=张伟, birth=1994-05-15, sex=男, avatarPath=null, deptName=行政部, jobName=助教, boardDate=2021-03-15, updateTime=2026-04-21T14:47:49, empExpList=null), Employee(id=6, name=王芳, birth=1995-08-20, sex=女, avatarPath=null, deptName=咨询部, jobName=工程师, boardDate=2021-06-01, updateTime=2021-06-01T00:00, empExpList=null), Employee(id=7, name=李军, birth=1988-12-10, sex=男, avatarPath=null, deptName=就业部, jobName=助教, boardDate=2019-11-11, updateTime=2019-11-11T00:00, empExpList=null), Employee(id=8, name=杨敏, birth=1996-02-28, sex=女, avatarPath=null, deptName=人事部, jobName=工程师, boardDate=2022-01-05, updateTime=2022-01-05T00:00, empExpList=null), Employee(id=9, name=刘洋, birth=1992-07-07, sex=男, avatarPath=null, deptName=行政部, jobName=助教, boardDate=2020-07-07, updateTime=2026-04-21T14:47:51, empExpList=null), Employee(id=10, name=李娜, birth=1998-03-12, sex=女, avatarPath=null, deptName=教研部, jobName=工程师, boardDate=2023-02-14, updateTime=2023-02-14T00:00, empExpList=null)]), costTime=9)
2026-05-09 09:48:52 [http-nio-8080-exec-2] INFO  com.eiousee.aop.RecordTimeAspect - 方法 addLog 执行耗时：8ms
2026-05-09 09:48:52 [http-nio-8080-exec-2] INFO  com.eiousee.aop.RecordTimeAspect - 方法 getEmpList 执行耗时：18ms
2026-05-09 09:48:53 [http-nio-8080-exec-3] INFO  com.eiousee.controller.DeptController - 查询所有部门数据
2026-05-09 09:48:53 [http-nio-8080-exec-3] INFO  com.eiousee.aop.RecordTimeAspect - 方法 getAllDepts 执行耗时：6ms
2026-05-09 09:48:53 [http-nio-8080-exec-3] INFO  com.eiousee.aop.RecordTimeAspect - 方法 getAllDepts 执行耗时：6ms
2026-05-09 09:48:53 [http-nio-8080-exec-3] INFO  com.eiousee.aop.LogAspect - 操作日志：OperationLog(id=null, operator=null, operationTime=2026-05-09T09:48:53.190536800, operationClass=com.eiousee.service.impl.DeptServiceImpl, operationMethod=getAllDepts, operationParams=[], operationResult=[Dept(id=14, name=行政部, createTime=2026-04-21T14:47:29, updateTime=2026-04-21T14:47:29), Dept(id=13, name=金融部, createTime=2026-04-17T15:07:45, updateTime=2026-04-17T15:07:45), Dept(id=5, name=人事部, createTime=2026-04-08T17:00, updateTime=2026-04-09T18:20:17), Dept(id=1, name=学工部, createTime=2026-04-08T17:00, updateTime=2026-04-08T17:00), Dept(id=2, name=教研部, createTime=2026-04-08T17:00, updateTime=2026-04-08T17:00), Dept(id=3, name=咨询部, createTime=2026-04-08T17:00, updateTime=2026-04-08T17:00), Dept(id=4, name=就业部, createTime=2026-04-08T17:00, updateTime=2026-04-08T17:00)], costTime=6)
2026-05-09 09:48:53 [http-nio-8080-exec-3] INFO  com.eiousee.aop.RecordTimeAspect - 方法 addLog 执行耗时：7ms
2026-05-09 09:48:53 [http-nio-8080-exec-3] INFO  com.eiousee.aop.RecordTimeAspect - 方法 list 执行耗时：14ms
2026-05-09 09:48:54 [http-nio-8080-exec-7] INFO  com.eiousee.controller.EmpController - 查询员工列表，参数：EmpQueryParam(name=, sex=, begin=null, end=null, page=1, pageSize=10)
2026-05-09 09:48:54 [http-nio-8080-exec-7] INFO  com.eiousee.aop.RecordTimeAspect - 方法 getEmpList 执行耗时：10ms
2026-05-09 09:48:54 [http-nio-8080-exec-7] INFO  com.eiousee.aop.RecordTimeAspect - 方法 getEmpList 执行耗时：11ms
2026-05-09 09:48:54 [http-nio-8080-exec-7] INFO  com.eiousee.aop.LogAspect - 操作日志：OperationLog(id=null, operator=null, operationTime=2026-05-09T09:48:54.314411800, operationClass=com.eiousee.service.impl.EmpServiceImpl, operationMethod=getEmpList, operationParams=[EmpQueryParam(name=, sex=, begin=null, end=null, page=1, pageSize=10)], operationResult=PageResult(total=11, rows=Page{count=true, pageNum=1, pageSize=10, startRow=0, endRow=10, total=11, pages=2, reasonable=false, pageSizeZero=false}[Employee(id=1, name=张三, birth=1990-01-01, sex=男, avatarPath=null, deptName=行政部, jobName=讲师, boardDate=2020-01-01, updateTime=2026-04-21T14:47:39, empExpList=null), Employee(id=2, name=李四, birth=1991-01-01, sex=女, avatarPath=null, deptName=行政部, jobName=讲师, boardDate=2020-01-01, updateTime=2026-04-21T14:47:42, empExpList=null), Employee(id=3, name=王五, birth=1992-01-01, sex=男, avatarPath=null, deptName=行政部, jobName=副教授, boardDate=2020-01-01, updateTime=2026-04-21T14:47:45, empExpList=null), Employee(id=4, name=赵六, birth=1993-01-01, sex=女, avatarPath=null, deptName=行政部, jobName=教授, boardDate=2020-01-01, updateTime=2026-04-21T14:47:47, empExpList=null), Employee(id=5, name=张伟, birth=1994-05-15, sex=男, avatarPath=null, deptName=行政部, jobName=助教, boardDate=2021-03-15, updateTime=2026-04-21T14:47:49, empExpList=null), Employee(id=6, name=王芳, birth=1995-08-20, sex=女, avatarPath=null, deptName=咨询部, jobName=工程师, boardDate=2021-06-01, updateTime=2021-06-01T00:00, empExpList=null), Employee(id=7, name=李军, birth=1988-12-10, sex=男, avatarPath=null, deptName=就业部, jobName=助教, boardDate=2019-11-11, updateTime=2019-11-11T00:00, empExpList=null), Employee(id=8, name=杨敏, birth=1996-02-28, sex=女, avatarPath=null, deptName=人事部, jobName=工程师, boardDate=2022-01-05, updateTime=2022-01-05T00:00, empExpList=null), Employee(id=9, name=刘洋, birth=1992-07-07, sex=男, avatarPath=null, deptName=行政部, jobName=助教, boardDate=2020-07-07, updateTime=2026-04-21T14:47:51, empExpList=null), Employee(id=10, name=李娜, birth=1998-03-12, sex=女, avatarPath=null, deptName=教研部, jobName=工程师, boardDate=2023-02-14, updateTime=2023-02-14T00:00, empExpList=null)]), costTime=11)
2026-05-09 09:48:54 [http-nio-8080-exec-7] INFO  com.eiousee.aop.RecordTimeAspect - 方法 addLog 执行耗时：9ms
2026-05-09 09:48:54 [http-nio-8080-exec-7] INFO  com.eiousee.aop.RecordTimeAspect - 方法 getEmpList 执行耗时：20ms
2026-05-09 09:48:59 [http-nio-8080-exec-5] INFO  com.eiousee.controller.DeptController - 查询所有部门数据
2026-05-09 09:48:59 [http-nio-8080-exec-5] INFO  com.eiousee.aop.RecordTimeAspect - 方法 getAllDepts 执行耗时：3ms
2026-05-09 09:48:59 [http-nio-8080-exec-5] INFO  com.eiousee.aop.RecordTimeAspect - 方法 getAllDepts 执行耗时：3ms
2026-05-09 09:48:59 [http-nio-8080-exec-5] INFO  com.eiousee.aop.LogAspect - 操作日志：OperationLog(id=null, operator=null, operationTime=2026-05-09T09:48:59.407850800, operationClass=com.eiousee.service.impl.DeptServiceImpl, operationMethod=getAllDepts, operationParams=[], operationResult=[Dept(id=14, name=行政部, createTime=2026-04-21T14:47:29, updateTime=2026-04-21T14:47:29), Dept(id=13, name=金融部, createTime=2026-04-17T15:07:45, updateTime=2026-04-17T15:07:45), Dept(id=5, name=人事部, createTime=2026-04-08T17:00, updateTime=2026-04-09T18:20:17), Dept(id=1, name=学工部, createTime=2026-04-08T17:00, updateTime=2026-04-08T17:00), Dept(id=2, name=教研部, createTime=2026-04-08T17:00, updateTime=2026-04-08T17:00), Dept(id=3, name=咨询部, createTime=2026-04-08T17:00, updateTime=2026-04-08T17:00), Dept(id=4, name=就业部, createTime=2026-04-08T17:00, updateTime=2026-04-08T17:00)], costTime=3)
2026-05-09 09:48:59 [http-nio-8080-exec-5] INFO  com.eiousee.aop.RecordTimeAspect - 方法 addLog 执行耗时：4ms
2026-05-09 09:48:59 [http-nio-8080-exec-5] INFO  com.eiousee.aop.RecordTimeAspect - 方法 list 执行耗时：7ms
2026-05-09 09:54:27 [SpringApplicationShutdownHook] INFO  o.s.boot.web.embedded.tomcat.GracefulShutdown - Commencing graceful shutdown. Waiting for active requests to complete
2026-05-09 09:54:27 [tomcat-shutdown] INFO  o.s.boot.web.embedded.tomcat.GracefulShutdown - Graceful shutdown complete
2026-05-09 09:54:27 [SpringApplicationShutdownHook] INFO  com.alibaba.druid.pool.DruidDataSource - {dataSource-1} closing ...
2026-05-09 09:54:27 [SpringApplicationShutdownHook] INFO  com.alibaba.druid.pool.DruidDataSource - {dataSource-1} closed
