2026-05-07 17:23:38 [main] INFO  com.eiousee.WebProjectApplication - Starting WebProjectApplication using Java 21.0.4 with PID 18756 (D:\JetBrains_Files\Java_Files\webProject\target\classes started by kiiz in D:\JetBrains_Files\Java_Files\webProject)
2026-05-07 17:23:38 [main] INFO  com.eiousee.WebProjectApplication - No active profile set, falling back to 1 default profile: "default"
2026-05-07 17:23:39 [main] INFO  o.s.boot.web.embedded.tomcat.TomcatWebServer - Tomcat initialized with port 8080 (http)
2026-05-07 17:23:39 [main] INFO  org.apache.coyote.http11.Http11NioProtocol - Initializing ProtocolHandler ["http-nio-8080"]
2026-05-07 17:23:39 [main] INFO  org.apache.catalina.core.StandardService - Starting service [Tomcat]
2026-05-07 17:23:39 [main] INFO  org.apache.catalina.core.StandardEngine - Starting Servlet engine: [Apache Tomcat/10.1.53]
2026-05-07 17:23:39 [main] INFO  o.a.c.core.ContainerBase.[Tomcat].[localhost].[/] - Initializing Spring embedded WebApplicationContext
2026-05-07 17:23:39 [main] INFO  o.s.b.w.s.c.ServletWebServerApplicationContext - Root WebApplicationContext: initialization completed in 1713 ms
2026-05-07 17:23:41 [main] INFO  o.s.b.actuate.endpoint.web.EndpointLinksResolver - Exposing 1 endpoint beneath base path '/actuator'
2026-05-07 17:23:41 [main] INFO  org.apache.coyote.http11.Http11NioProtocol - Starting ProtocolHandler ["http-nio-8080"]
2026-05-07 17:23:41 [main] INFO  o.s.boot.web.embedded.tomcat.TomcatWebServer - Tomcat started on port 8080 (http) with context path '/'
2026-05-07 17:23:41 [main] INFO  com.eiousee.WebProjectApplication - Started WebProjectApplication in 3.793 seconds (process running for 4.764)
2026-05-07 17:23:41 [RMI TCP Connection(3)-192.168.1.45] INFO  o.a.c.core.ContainerBase.[Tomcat].[localhost].[/] - Initializing Spring DispatcherServlet 'dispatcherServlet'
2026-05-07 17:23:41 [RMI TCP Connection(3)-192.168.1.45] INFO  org.springframework.web.servlet.DispatcherServlet - Initializing Servlet 'dispatcherServlet'
2026-05-07 17:23:41 [RMI TCP Connection(3)-192.168.1.45] INFO  org.springframework.web.servlet.DispatcherServlet - Completed initialization in 1 ms
2026-05-07 17:23:41 [RMI TCP Connection(2)-192.168.1.45] INFO  com.alibaba.druid.pool.DruidDataSource - {dataSource-1} inited
2026-05-07 18:28:45 [http-nio-8080-exec-1] INFO  com.eiousee.controller.EmpController - 查询员工列表，参数：EmpQueryParam(name=, sex=, begin=null, end=null, page=1, pageSize=10)
2026-05-07 18:28:45 [http-nio-8080-exec-1] INFO  com.eiousee.aop.RecordTimeAspect - 方法 getEmpList 执行耗时：517ms
2026-05-07 18:28:45 [http-nio-8080-exec-1] INFO  com.eiousee.aop.RecordTimeAspect - 方法 getEmpList 执行耗时：527ms
2026-05-07 18:28:45 [http-nio-8080-exec-1] INFO  com.eiousee.aop.LogAspect - 操作日志：OperationLog(id=null, operator=null, operationTime=2026-05-07T18:28:45.620847700, operationClass=com.eiousee.service.impl.EmpServiceImpl, operationMethod=getEmpList, operationParams=[EmpQueryParam(name=, sex=, begin=null, end=null, page=1, pageSize=10)], operationResult=PageResult(total=11, rows=Page{count=true, pageNum=1, pageSize=10, startRow=0, endRow=10, total=11, pages=2, reasonable=false, pageSizeZero=false}[Employee(id=1, name=张三, birth=1990-01-01, sex=男, avatarPath=null, deptName=行政部, jobName=讲师, boardDate=2020-01-01, updateTime=2026-04-21T14:47:39, empExpList=null), Employee(id=2, name=李四, birth=1991-01-01, sex=女, avatarPath=null, deptName=行政部, jobName=讲师, boardDate=2020-01-01, updateTime=2026-04-21T14:47:42, empExpList=null), Employee(id=3, name=王五, birth=1992-01-01, sex=男, avatarPath=null, deptName=行政部, jobName=副教授, boardDate=2020-01-01, updateTime=2026-04-21T14:47:45, empExpList=null), Employee(id=4, name=赵六, birth=1993-01-01, sex=女, avatarPath=null, deptName=行政部, jobName=教授, boardDate=2020-01-01, updateTime=2026-04-21T14:47:47, empExpList=null), Employee(id=5, name=张伟, birth=1994-05-15, sex=男, avatarPath=null, deptName=行政部, jobName=助教, boardDate=2021-03-15, updateTime=2026-04-21T14:47:49, empExpList=null), Employee(id=6, name=王芳, birth=1995-08-20, sex=女, avatarPath=null, deptName=咨询部, jobName=工程师, boardDate=2021-06-01, updateTime=2021-06-01T00:00, empExpList=null), Employee(id=7, name=李军, birth=1988-12-10, sex=男, avatarPath=null, deptName=就业部, jobName=助教, boardDate=2019-11-11, updateTime=2019-11-11T00:00, empExpList=null), Employee(id=8, name=杨敏, birth=1996-02-28, sex=女, avatarPath=null, deptName=人事部, jobName=工程师, boardDate=2022-01-05, updateTime=2022-01-05T00:00, empExpList=null), Employee(id=9, name=刘洋, birth=1992-07-07, sex=男, avatarPath=null, deptName=行政部, jobName=助教, boardDate=2020-07-07, updateTime=2026-04-21T14:47:51, empExpList=null), Employee(id=10, name=李娜, birth=1998-03-12, sex=女, avatarPath=null, deptName=教研部, jobName=工程师, boardDate=2023-02-14, updateTime=2023-02-14T00:00, empExpList=null)]), costTime=527)
2026-05-07 18:28:45 [http-nio-8080-exec-1] INFO  com.eiousee.aop.RecordTimeAspect - 方法 addLog 执行耗时：30ms
2026-05-07 18:28:45 [http-nio-8080-exec-1] INFO  com.eiousee.aop.RecordTimeAspect - 方法 getEmpList 执行耗时：572ms
2026-05-07 18:29:57 [SpringApplicationShutdownHook] INFO  o.s.boot.web.embedded.tomcat.GracefulShutdown - Commencing graceful shutdown. Waiting for active requests to complete
2026-05-07 18:29:57 [tomcat-shutdown] INFO  o.s.boot.web.embedded.tomcat.GracefulShutdown - Graceful shutdown complete
2026-05-07 18:29:57 [SpringApplicationShutdownHook] INFO  com.alibaba.druid.pool.DruidDataSource - {dataSource-1} closing ...
2026-05-07 18:29:57 [SpringApplicationShutdownHook] INFO  com.alibaba.druid.pool.DruidDataSource - {dataSource-1} closed
