2026-04-22 09:21:35 [main] INFO  com.eiousee.WebProjectApplication - Starting WebProjectApplication using Java 21.0.4 with PID 33040 (D:\JetBrains_Files\Java_Files\webProject\target\classes started by kiiz in D:\JetBrains_Files\Java_Files\webProject)
2026-04-22 09:21:35 [main] INFO  com.eiousee.WebProjectApplication - No active profile set, falling back to 1 default profile: "default"
2026-04-22 09:21:36 [main] INFO  o.s.boot.web.embedded.tomcat.TomcatWebServer - Tomcat initialized with port 80 (http)
2026-04-22 09:21:36 [main] INFO  org.apache.coyote.http11.Http11NioProtocol - Initializing ProtocolHandler ["http-nio-80"]
2026-04-22 09:21:36 [main] INFO  org.apache.catalina.core.StandardService - Starting service [Tomcat]
2026-04-22 09:21:36 [main] INFO  org.apache.catalina.core.StandardEngine - Starting Servlet engine: [Apache Tomcat/10.1.53]
2026-04-22 09:21:36 [main] INFO  o.a.c.core.ContainerBase.[Tomcat].[localhost].[/] - Initializing Spring embedded WebApplicationContext
2026-04-22 09:21:36 [main] INFO  o.s.b.w.s.c.ServletWebServerApplicationContext - Root WebApplicationContext: initialization completed in 985 ms
2026-04-22 09:21:36 [main] INFO  org.apache.coyote.http11.Http11NioProtocol - Starting ProtocolHandler ["http-nio-80"]
2026-04-22 09:21:36 [main] INFO  o.s.boot.web.embedded.tomcat.TomcatWebServer - Tomcat started on port 80 (http) with context path '/'
2026-04-22 09:21:36 [main] INFO  com.eiousee.WebProjectApplication - Started WebProjectApplication in 2.226 seconds (process running for 3.096)
2026-04-22 09:25:05 [http-nio-80-exec-1] INFO  o.a.c.core.ContainerBase.[Tomcat].[localhost].[/] - Initializing Spring DispatcherServlet 'dispatcherServlet'
2026-04-22 09:25:05 [http-nio-80-exec-1] INFO  org.springframework.web.servlet.DispatcherServlet - Initializing Servlet 'dispatcherServlet'
2026-04-22 09:25:05 [http-nio-80-exec-1] INFO  org.springframework.web.servlet.DispatcherServlet - Completed initialization in 1 ms
2026-04-22 09:25:07 [http-nio-80-exec-3] INFO  com.eiousee.controller.DeptController - 查询所有部门数据
2026-04-22 09:25:07 [http-nio-80-exec-4] INFO  com.eiousee.controller.JobController - 查询职位列表
2026-04-22 09:25:07 [http-nio-80-exec-5] INFO  com.eiousee.controller.EmpController - 查询员工列表，参数：EmpQueryParam(name=, sex=, begin=null, end=null, page=1, pageSize=10)
2026-04-22 09:25:07 [http-nio-80-exec-7] ERROR com.eiousee.exception.GlobalExceptionHandler - 服务器异常：No static resource favicon.ico.
2026-04-22 09:25:07 [http-nio-80-exec-3] INFO  com.alibaba.druid.pool.DruidDataSource - {dataSource-1} inited
2026-04-22 09:25:10 [http-nio-80-exec-9] INFO  com.eiousee.controller.DeptController - 查询所有部门数据
2026-04-22 09:25:10 [http-nio-80-exec-10] ERROR com.eiousee.exception.GlobalExceptionHandler - 服务器异常：No static resource favicon.ico.
2026-04-22 09:25:11 [http-nio-80-exec-1] INFO  com.eiousee.controller.DeptController - 查询所有部门数据
2026-04-22 09:25:11 [http-nio-80-exec-2] INFO  com.eiousee.controller.JobController - 查询职位列表
2026-04-22 09:25:11 [http-nio-80-exec-7] INFO  com.eiousee.controller.EmpController - 查询员工列表，参数：EmpQueryParam(name=, sex=, begin=null, end=null, page=1, pageSize=10)
2026-04-22 09:25:11 [http-nio-80-exec-4] ERROR com.eiousee.exception.GlobalExceptionHandler - 服务器异常：No static resource favicon.ico.
2026-04-22 09:25:12 [http-nio-80-exec-3] INFO  com.eiousee.controller.DeptController - 查询所有部门数据
2026-04-22 09:25:12 [http-nio-80-exec-5] ERROR com.eiousee.exception.GlobalExceptionHandler - 服务器异常：No static resource favicon.ico.
2026-04-22 09:25:13 [http-nio-80-exec-6] INFO  com.eiousee.controller.DeptController - 查询所有部门数据
2026-04-22 09:25:13 [http-nio-80-exec-8] INFO  com.eiousee.controller.JobController - 查询职位列表
2026-04-22 09:25:13 [http-nio-80-exec-9] INFO  com.eiousee.controller.EmpController - 查询员工列表，参数：EmpQueryParam(name=, sex=, begin=null, end=null, page=1, pageSize=10)
2026-04-22 09:25:13 [http-nio-80-exec-10] ERROR com.eiousee.exception.GlobalExceptionHandler - 服务器异常：No static resource favicon.ico.
2026-04-22 09:25:15 [http-nio-80-exec-7] INFO  com.eiousee.controller.StudentController - 获取专业列表
2026-04-22 09:25:15 [http-nio-80-exec-3] INFO  com.eiousee.controller.StudentController - 获取学历列表
2026-04-22 09:25:15 [http-nio-80-exec-4] INFO  com.eiousee.controller.ClassController - 查询班级列表
2026-04-22 09:25:15 [http-nio-80-exec-5] INFO  com.eiousee.controller.StudentController - 获取学生列表: StuQueryParam(name=, educationName=, className=, page=1, pageSize=10)
2026-04-22 09:25:15 [http-nio-80-exec-6] ERROR com.eiousee.exception.GlobalExceptionHandler - 服务器异常：No static resource favicon.ico.
2026-04-22 09:25:18 [http-nio-80-exec-1] INFO  com.eiousee.controller.ReportController - 查询员工职位统计数据
2026-04-22 09:25:18 [http-nio-80-exec-2] INFO  com.eiousee.controller.ReportController - 查询学历人数统计数据
2026-04-22 09:25:18 [http-nio-80-exec-10] INFO  com.eiousee.controller.ReportController - 查询员工性别统计数据
2026-04-22 09:25:18 [http-nio-80-exec-7] INFO  com.eiousee.controller.ReportController - 查询部门职位统计数据
2026-04-22 09:25:18 [http-nio-80-exec-3] INFO  com.eiousee.controller.ReportController - 查询班级人数统计数据
2026-04-22 09:25:18 [http-nio-80-exec-4] ERROR com.eiousee.exception.GlobalExceptionHandler - 服务器异常：No static resource favicon.ico.
2026-04-22 09:25:22 [http-nio-80-exec-5] INFO  com.eiousee.controller.DeptController - 查询所有部门数据
2026-04-22 09:25:22 [http-nio-80-exec-6] ERROR com.eiousee.exception.GlobalExceptionHandler - 服务器异常：No static resource favicon.ico.
2026-04-22 09:25:32 [http-nio-80-exec-8] ERROR com.eiousee.exception.GlobalExceptionHandler - 服务器异常：No static resource login.
2026-04-22 09:25:45 [SpringApplicationShutdownHook] INFO  o.s.boot.web.embedded.tomcat.GracefulShutdown - Commencing graceful shutdown. Waiting for active requests to complete
2026-04-22 09:25:46 [tomcat-shutdown] INFO  o.s.boot.web.embedded.tomcat.GracefulShutdown - Graceful shutdown complete
2026-04-22 09:25:46 [SpringApplicationShutdownHook] INFO  com.alibaba.druid.pool.DruidDataSource - {dataSource-1} closing ...
2026-04-22 09:25:46 [SpringApplicationShutdownHook] INFO  com.alibaba.druid.pool.DruidDataSource - {dataSource-1} closed
2026-04-22 09:25:50 [main] INFO  com.eiousee.WebProjectApplication - Starting WebProjectApplication using Java 21.0.4 with PID 34180 (D:\JetBrains_Files\Java_Files\webProject\target\classes started by kiiz in D:\JetBrains_Files\Java_Files\webProject)
2026-04-22 09:25:50 [main] INFO  com.eiousee.WebProjectApplication - No active profile set, falling back to 1 default profile: "default"
2026-04-22 09:25:50 [main] INFO  o.s.boot.web.embedded.tomcat.TomcatWebServer - Tomcat initialized with port 80 (http)
2026-04-22 09:25:50 [main] INFO  org.apache.coyote.http11.Http11NioProtocol - Initializing ProtocolHandler ["http-nio-80"]
2026-04-22 09:25:50 [main] INFO  org.apache.catalina.core.StandardService - Starting service [Tomcat]
2026-04-22 09:25:50 [main] INFO  org.apache.catalina.core.StandardEngine - Starting Servlet engine: [Apache Tomcat/10.1.53]
2026-04-22 09:25:50 [main] INFO  o.a.c.core.ContainerBase.[Tomcat].[localhost].[/] - Initializing Spring embedded WebApplicationContext
2026-04-22 09:25:50 [main] INFO  o.s.b.w.s.c.ServletWebServerApplicationContext - Root WebApplicationContext: initialization completed in 912 ms
2026-04-22 09:25:51 [main] INFO  org.apache.coyote.http11.Http11NioProtocol - Starting ProtocolHandler ["http-nio-80"]
2026-04-22 09:25:51 [main] INFO  o.s.boot.web.embedded.tomcat.TomcatWebServer - Tomcat started on port 80 (http) with context path '/'
2026-04-22 09:25:51 [main] INFO  com.eiousee.WebProjectApplication - Started WebProjectApplication in 1.953 seconds (process running for 2.645)
2026-04-22 09:25:54 [http-nio-80-exec-1] INFO  o.a.c.core.ContainerBase.[Tomcat].[localhost].[/] - Initializing Spring DispatcherServlet 'dispatcherServlet'
2026-04-22 09:25:54 [http-nio-80-exec-1] INFO  org.springframework.web.servlet.DispatcherServlet - Initializing Servlet 'dispatcherServlet'
2026-04-22 09:25:54 [http-nio-80-exec-1] INFO  org.springframework.web.servlet.DispatcherServlet - Completed initialization in 1 ms
2026-04-22 09:25:55 [http-nio-80-exec-1] INFO  com.eiousee.controller.LoginController - 登录，用户名：null，密码：null
2026-04-22 09:25:55 [http-nio-80-exec-1] INFO  com.alibaba.druid.pool.DruidDataSource - {dataSource-1} inited
2026-04-22 09:26:00 [http-nio-80-exec-2] INFO  com.eiousee.controller.LoginController - 登录，用户名：null，密码：null
2026-04-22 09:26:48 [SpringApplicationShutdownHook] INFO  o.s.boot.web.embedded.tomcat.GracefulShutdown - Commencing graceful shutdown. Waiting for active requests to complete
2026-04-22 09:26:48 [tomcat-shutdown] INFO  o.s.boot.web.embedded.tomcat.GracefulShutdown - Graceful shutdown complete
2026-04-22 09:26:48 [SpringApplicationShutdownHook] INFO  com.alibaba.druid.pool.DruidDataSource - {dataSource-1} closing ...
2026-04-22 09:26:48 [SpringApplicationShutdownHook] INFO  com.alibaba.druid.pool.DruidDataSource - {dataSource-1} closed
2026-04-22 09:26:52 [main] INFO  com.eiousee.WebProjectApplication - Starting WebProjectApplication using Java 21.0.4 with PID 33996 (D:\JetBrains_Files\Java_Files\webProject\target\classes started by kiiz in D:\JetBrains_Files\Java_Files\webProject)
2026-04-22 09:26:52 [main] INFO  com.eiousee.WebProjectApplication - No active profile set, falling back to 1 default profile: "default"
2026-04-22 09:26:53 [main] INFO  o.s.boot.web.embedded.tomcat.TomcatWebServer - Tomcat initialized with port 80 (http)
2026-04-22 09:26:53 [main] INFO  org.apache.coyote.http11.Http11NioProtocol - Initializing ProtocolHandler ["http-nio-80"]
2026-04-22 09:26:53 [main] INFO  org.apache.catalina.core.StandardService - Starting service [Tomcat]
2026-04-22 09:26:53 [main] INFO  org.apache.catalina.core.StandardEngine - Starting Servlet engine: [Apache Tomcat/10.1.53]
2026-04-22 09:26:53 [main] INFO  o.a.c.core.ContainerBase.[Tomcat].[localhost].[/] - Initializing Spring embedded WebApplicationContext
2026-04-22 09:26:53 [main] INFO  o.s.b.w.s.c.ServletWebServerApplicationContext - Root WebApplicationContext: initialization completed in 833 ms
2026-04-22 09:26:54 [main] INFO  org.apache.coyote.http11.Http11NioProtocol - Starting ProtocolHandler ["http-nio-80"]
2026-04-22 09:26:54 [main] INFO  o.s.boot.web.embedded.tomcat.TomcatWebServer - Tomcat started on port 80 (http) with context path '/'
2026-04-22 09:26:54 [main] INFO  com.eiousee.WebProjectApplication - Started WebProjectApplication in 1.878 seconds (process running for 2.603)
2026-04-22 09:26:57 [http-nio-80-exec-1] INFO  o.a.c.core.ContainerBase.[Tomcat].[localhost].[/] - Initializing Spring DispatcherServlet 'dispatcherServlet'
2026-04-22 09:26:57 [http-nio-80-exec-1] INFO  org.springframework.web.servlet.DispatcherServlet - Initializing Servlet 'dispatcherServlet'
2026-04-22 09:26:57 [http-nio-80-exec-1] INFO  org.springframework.web.servlet.DispatcherServlet - Completed initialization in 0 ms
2026-04-22 09:26:57 [http-nio-80-exec-1] INFO  com.eiousee.controller.LoginController - 登录，用户名：{"username":"kiiz","password":"kiiz"}，密码：null
2026-04-22 09:26:57 [http-nio-80-exec-1] INFO  com.alibaba.druid.pool.DruidDataSource - {dataSource-1} inited
2026-04-22 09:29:28 [SpringApplicationShutdownHook] INFO  o.s.boot.web.embedded.tomcat.GracefulShutdown - Commencing graceful shutdown. Waiting for active requests to complete
2026-04-22 09:29:28 [tomcat-shutdown] INFO  o.s.boot.web.embedded.tomcat.GracefulShutdown - Graceful shutdown complete
2026-04-22 09:29:28 [SpringApplicationShutdownHook] INFO  com.alibaba.druid.pool.DruidDataSource - {dataSource-1} closing ...
2026-04-22 09:29:29 [SpringApplicationShutdownHook] INFO  com.alibaba.druid.pool.DruidDataSource - {dataSource-1} closed
2026-04-22 09:29:32 [main] INFO  com.eiousee.WebProjectApplication - Starting WebProjectApplication using Java 21.0.4 with PID 20884 (D:\JetBrains_Files\Java_Files\webProject\target\classes started by kiiz in D:\JetBrains_Files\Java_Files\webProject)
2026-04-22 09:29:32 [main] INFO  com.eiousee.WebProjectApplication - No active profile set, falling back to 1 default profile: "default"
2026-04-22 09:29:33 [main] INFO  o.s.boot.web.embedded.tomcat.TomcatWebServer - Tomcat initialized with port 80 (http)
2026-04-22 09:29:33 [main] INFO  org.apache.coyote.http11.Http11NioProtocol - Initializing ProtocolHandler ["http-nio-80"]
2026-04-22 09:29:33 [main] INFO  org.apache.catalina.core.StandardService - Starting service [Tomcat]
2026-04-22 09:29:33 [main] INFO  org.apache.catalina.core.StandardEngine - Starting Servlet engine: [Apache Tomcat/10.1.53]
2026-04-22 09:29:33 [main] INFO  o.a.c.core.ContainerBase.[Tomcat].[localhost].[/] - Initializing Spring embedded WebApplicationContext
2026-04-22 09:29:33 [main] INFO  o.s.b.w.s.c.ServletWebServerApplicationContext - Root WebApplicationContext: initialization completed in 871 ms
2026-04-22 09:29:34 [main] INFO  org.apache.coyote.http11.Http11NioProtocol - Starting ProtocolHandler ["http-nio-80"]
2026-04-22 09:29:34 [main] INFO  o.s.boot.web.embedded.tomcat.TomcatWebServer - Tomcat started on port 80 (http) with context path '/'
2026-04-22 09:29:34 [main] INFO  com.eiousee.WebProjectApplication - Started WebProjectApplication in 1.918 seconds (process running for 2.594)
2026-04-22 09:29:37 [http-nio-80-exec-1] INFO  o.a.c.core.ContainerBase.[Tomcat].[localhost].[/] - Initializing Spring DispatcherServlet 'dispatcherServlet'
2026-04-22 09:29:37 [http-nio-80-exec-1] INFO  org.springframework.web.servlet.DispatcherServlet - Initializing Servlet 'dispatcherServlet'
2026-04-22 09:29:37 [http-nio-80-exec-1] INFO  org.springframework.web.servlet.DispatcherServlet - Completed initialization in 1 ms
2026-04-22 09:29:37 [http-nio-80-exec-1] INFO  com.eiousee.controller.LoginController - 登录，用户信息：LoginInfo(username=kiiz, password=kiiz)
2026-04-22 09:29:37 [http-nio-80-exec-1] INFO  com.alibaba.druid.pool.DruidDataSource - {dataSource-1} inited
2026-04-22 09:32:58 [SpringApplicationShutdownHook] INFO  o.s.boot.web.embedded.tomcat.GracefulShutdown - Commencing graceful shutdown. Waiting for active requests to complete
2026-04-22 09:32:58 [tomcat-shutdown] INFO  o.s.boot.web.embedded.tomcat.GracefulShutdown - Graceful shutdown complete
2026-04-22 09:32:58 [SpringApplicationShutdownHook] INFO  com.alibaba.druid.pool.DruidDataSource - {dataSource-1} closing ...
2026-04-22 09:32:58 [SpringApplicationShutdownHook] INFO  com.alibaba.druid.pool.DruidDataSource - {dataSource-1} closed
2026-04-22 09:33:02 [main] INFO  com.eiousee.WebProjectApplication - Starting WebProjectApplication using Java 21.0.4 with PID 30728 (D:\JetBrains_Files\Java_Files\webProject\target\classes started by kiiz in D:\JetBrains_Files\Java_Files\webProject)
2026-04-22 09:33:02 [main] INFO  com.eiousee.WebProjectApplication - No active profile set, falling back to 1 default profile: "default"
2026-04-22 09:33:02 [main] INFO  o.s.boot.web.embedded.tomcat.TomcatWebServer - Tomcat initialized with port 80 (http)
2026-04-22 09:33:02 [main] INFO  org.apache.coyote.http11.Http11NioProtocol - Initializing ProtocolHandler ["http-nio-80"]
2026-04-22 09:33:02 [main] INFO  org.apache.catalina.core.StandardService - Starting service [Tomcat]
2026-04-22 09:33:02 [main] INFO  org.apache.catalina.core.StandardEngine - Starting Servlet engine: [Apache Tomcat/10.1.53]
2026-04-22 09:33:02 [main] INFO  o.a.c.core.ContainerBase.[Tomcat].[localhost].[/] - Initializing Spring embedded WebApplicationContext
2026-04-22 09:33:02 [main] INFO  o.s.b.w.s.c.ServletWebServerApplicationContext - Root WebApplicationContext: initialization completed in 776 ms
2026-04-22 09:33:03 [main] INFO  org.apache.coyote.http11.Http11NioProtocol - Starting ProtocolHandler ["http-nio-80"]
2026-04-22 09:33:03 [main] INFO  o.s.boot.web.embedded.tomcat.TomcatWebServer - Tomcat started on port 80 (http) with context path '/'
2026-04-22 09:33:03 [main] INFO  com.eiousee.WebProjectApplication - Started WebProjectApplication in 1.737 seconds (process running for 2.353)
2026-04-22 09:33:15 [http-nio-80-exec-1] INFO  o.a.c.core.ContainerBase.[Tomcat].[localhost].[/] - Initializing Spring DispatcherServlet 'dispatcherServlet'
2026-04-22 09:33:15 [http-nio-80-exec-1] INFO  org.springframework.web.servlet.DispatcherServlet - Initializing Servlet 'dispatcherServlet'
2026-04-22 09:33:15 [http-nio-80-exec-1] INFO  org.springframework.web.servlet.DispatcherServlet - Completed initialization in 1 ms
2026-04-22 09:33:15 [http-nio-80-exec-1] INFO  com.eiousee.controller.LoginController - 登录，用户信息：LoginInfo(username=kiiz, password=123)
2026-04-22 09:33:15 [http-nio-80-exec-1] INFO  com.alibaba.druid.pool.DruidDataSource - {dataSource-1} inited
2026-04-22 09:33:18 [http-nio-80-exec-2] INFO  com.eiousee.controller.LoginController - 登录，用户信息：LoginInfo(username=kiiz, password=kiiz)
2026-04-22 09:55:07 [SpringApplicationShutdownHook] INFO  o.s.boot.web.embedded.tomcat.GracefulShutdown - Commencing graceful shutdown. Waiting for active requests to complete
2026-04-22 09:55:07 [tomcat-shutdown] INFO  o.s.boot.web.embedded.tomcat.GracefulShutdown - Graceful shutdown complete
2026-04-22 09:55:07 [SpringApplicationShutdownHook] INFO  com.alibaba.druid.pool.DruidDataSource - {dataSource-1} closing ...
2026-04-22 09:55:07 [SpringApplicationShutdownHook] INFO  com.alibaba.druid.pool.DruidDataSource - {dataSource-1} closed
2026-04-22 17:10:20 [main] INFO  com.eiousee.WebProjectApplication - Starting WebProjectApplication using Java 21.0.4 with PID 31960 (D:\JetBrains_Files\Java_Files\webProject\target\classes started by kiiz in D:\JetBrains_Files\Java_Files\webProject)
2026-04-22 17:10:20 [main] INFO  com.eiousee.WebProjectApplication - No active profile set, falling back to 1 default profile: "default"
2026-04-22 17:10:21 [main] INFO  o.s.boot.web.embedded.tomcat.TomcatWebServer - Tomcat initialized with port 80 (http)
2026-04-22 17:10:21 [main] INFO  org.apache.coyote.http11.Http11NioProtocol - Initializing ProtocolHandler ["http-nio-80"]
2026-04-22 17:10:21 [main] INFO  org.apache.catalina.core.StandardService - Starting service [Tomcat]
2026-04-22 17:10:21 [main] INFO  org.apache.catalina.core.StandardEngine - Starting Servlet engine: [Apache Tomcat/10.1.53]
2026-04-22 17:10:21 [main] INFO  o.a.c.core.ContainerBase.[Tomcat].[localhost].[/] - Initializing Spring embedded WebApplicationContext
2026-04-22 17:10:21 [main] INFO  o.s.b.w.s.c.ServletWebServerApplicationContext - Root WebApplicationContext: initialization completed in 1017 ms
2026-04-22 17:10:22 [main] INFO  org.apache.coyote.http11.Http11NioProtocol - Starting ProtocolHandler ["http-nio-80"]
2026-04-22 17:10:22 [main] INFO  o.s.boot.web.embedded.tomcat.TomcatWebServer - Tomcat started on port 80 (http) with context path '/'
2026-04-22 17:10:22 [main] INFO  com.eiousee.WebProjectApplication - Started WebProjectApplication in 2.29 seconds (process running for 3.096)
2026-04-22 17:10:34 [http-nio-80-exec-1] INFO  o.a.c.core.ContainerBase.[Tomcat].[localhost].[/] - Initializing Spring DispatcherServlet 'dispatcherServlet'
2026-04-22 17:10:34 [http-nio-80-exec-1] INFO  org.springframework.web.servlet.DispatcherServlet - Initializing Servlet 'dispatcherServlet'
2026-04-22 17:10:34 [http-nio-80-exec-1] INFO  org.springframework.web.servlet.DispatcherServlet - Completed initialization in 0 ms
2026-04-22 17:10:35 [http-nio-80-exec-4] INFO  com.eiousee.controller.JobController - 查询职位列表
2026-04-22 17:10:35 [http-nio-80-exec-3] INFO  com.eiousee.controller.DeptController - 查询所有部门数据
2026-04-22 17:10:35 [http-nio-80-exec-5] INFO  com.eiousee.controller.EmpController - 查询员工列表，参数：EmpQueryParam(name=, sex=, begin=null, end=null, page=1, pageSize=10)
2026-04-22 17:10:35 [http-nio-80-exec-4] INFO  com.alibaba.druid.pool.DruidDataSource - {dataSource-1} inited
2026-04-22 17:10:35 [http-nio-80-exec-10] ERROR com.eiousee.exception.GlobalExceptionHandler - 服务器异常：No static resource favicon.ico.
2026-04-22 17:10:42 [http-nio-80-exec-7] ERROR com.eiousee.exception.GlobalExceptionHandler - 服务器异常：No static resource setcookie.
2026-04-22 17:10:42 [http-nio-80-exec-8] ERROR com.eiousee.exception.GlobalExceptionHandler - 服务器异常：No static resource favicon.ico.
2026-04-22 17:10:56 [http-nio-80-exec-9] ERROR com.eiousee.exception.GlobalExceptionHandler - 服务器异常：No static resource setcookie.
2026-04-22 17:10:57 [http-nio-80-exec-6] ERROR com.eiousee.exception.GlobalExceptionHandler - 服务器异常：No static resource favicon.ico.
2026-04-22 17:11:04 [http-nio-80-exec-1] ERROR com.eiousee.exception.GlobalExceptionHandler - 服务器异常：No static resource setcookie.
2026-04-22 17:11:04 [http-nio-80-exec-2] ERROR com.eiousee.exception.GlobalExceptionHandler - 服务器异常：No static resource favicon.ico.
2026-04-22 17:11:35 [http-nio-80-exec-10] ERROR com.eiousee.exception.GlobalExceptionHandler - 服务器异常：Request method 'GET' is not supported
2026-04-22 17:11:35 [http-nio-80-exec-4] ERROR com.eiousee.exception.GlobalExceptionHandler - 服务器异常：No static resource favicon.ico.
2026-04-22 17:11:41 [http-nio-80-exec-9] ERROR com.eiousee.exception.GlobalExceptionHandler - 服务器异常：No static resource favicon.ico.
2026-04-22 17:11:54 [http-nio-80-exec-1] ERROR com.eiousee.exception.GlobalExceptionHandler - 服务器异常：No static resource favicon.ico.
2026-04-22 17:17:54 [SpringApplicationShutdownHook] INFO  o.s.boot.web.embedded.tomcat.GracefulShutdown - Commencing graceful shutdown. Waiting for active requests to complete
2026-04-22 17:17:54 [tomcat-shutdown] INFO  o.s.boot.web.embedded.tomcat.GracefulShutdown - Graceful shutdown complete
2026-04-22 17:17:54 [SpringApplicationShutdownHook] INFO  com.alibaba.druid.pool.DruidDataSource - {dataSource-1} closing ...
2026-04-22 17:17:54 [SpringApplicationShutdownHook] INFO  com.alibaba.druid.pool.DruidDataSource - {dataSource-1} closed
2026-04-22 17:17:57 [main] INFO  com.eiousee.WebProjectApplication - Starting WebProjectApplication using Java 21.0.4 with PID 9604 (D:\JetBrains_Files\Java_Files\webProject\target\classes started by kiiz in D:\JetBrains_Files\Java_Files\webProject)
2026-04-22 17:17:57 [main] INFO  com.eiousee.WebProjectApplication - No active profile set, falling back to 1 default profile: "default"
2026-04-22 17:17:58 [main] INFO  o.s.boot.web.embedded.tomcat.TomcatWebServer - Tomcat initialized with port 80 (http)
2026-04-22 17:17:58 [main] INFO  org.apache.coyote.http11.Http11NioProtocol - Initializing ProtocolHandler ["http-nio-80"]
2026-04-22 17:17:58 [main] INFO  org.apache.catalina.core.StandardService - Starting service [Tomcat]
2026-04-22 17:17:58 [main] INFO  org.apache.catalina.core.StandardEngine - Starting Servlet engine: [Apache Tomcat/10.1.53]
2026-04-22 17:17:58 [main] INFO  o.a.c.core.ContainerBase.[Tomcat].[localhost].[/] - Initializing Spring embedded WebApplicationContext
2026-04-22 17:17:58 [main] INFO  o.s.b.w.s.c.ServletWebServerApplicationContext - Root WebApplicationContext: initialization completed in 813 ms
2026-04-22 17:17:59 [main] INFO  org.apache.coyote.http11.Http11NioProtocol - Starting ProtocolHandler ["http-nio-80"]
2026-04-22 17:17:59 [main] INFO  o.s.boot.web.embedded.tomcat.TomcatWebServer - Tomcat started on port 80 (http) with context path '/'
2026-04-22 17:17:59 [main] INFO  com.eiousee.WebProjectApplication - Started WebProjectApplication in 1.769 seconds (process running for 2.396)
2026-04-22 17:18:09 [http-nio-80-exec-1] INFO  o.a.c.core.ContainerBase.[Tomcat].[localhost].[/] - Initializing Spring DispatcherServlet 'dispatcherServlet'
2026-04-22 17:18:09 [http-nio-80-exec-1] INFO  org.springframework.web.servlet.DispatcherServlet - Initializing Servlet 'dispatcherServlet'
2026-04-22 17:18:09 [http-nio-80-exec-1] INFO  org.springframework.web.servlet.DispatcherServlet - Completed initialization in 1 ms
2026-04-22 17:18:09 [http-nio-80-exec-2] ERROR com.eiousee.exception.GlobalExceptionHandler - 服务器异常：No static resource favicon.ico.
2026-04-22 17:18:15 [http-nio-80-exec-4] ERROR com.eiousee.exception.GlobalExceptionHandler - 服务器异常：No static resource favicon.ico.
2026-04-22 17:18:19 [http-nio-80-exec-6] ERROR com.eiousee.exception.GlobalExceptionHandler - 服务器异常：No static resource favicon.ico.
2026-04-22 18:03:08 [SpringApplicationShutdownHook] INFO  o.s.boot.web.embedded.tomcat.GracefulShutdown - Commencing graceful shutdown. Waiting for active requests to complete
2026-04-22 18:03:08 [tomcat-shutdown] INFO  o.s.boot.web.embedded.tomcat.GracefulShutdown - Graceful shutdown complete
2026-04-22 18:03:08 [SpringApplicationShutdownHook] INFO  com.alibaba.druid.pool.DruidDataSource - {dataSource-0} closing ...
