[2026-03-18 09:23:26] h
[2026-03-18 09:23:27] backspace
[2026-03-18 09:23:28] ctrl
[2026-03-18 09:23:28] s
[2026-03-18 09:23:28] s
[2026-03-18 09:23:29] a
[2026-03-18 09:23:30] enter
[2026-03-18 09:23:32] a
[2026-03-18 09:23:32] s
[2026-03-18 09:23:32] d
[2026-03-18 09:23:32] a
[2026-03-18 09:23:32] s
[2026-03-18 09:23:32] d
[2026-03-18 09:23:32] a
[2026-03-18 09:23:32] d
[2026-03-18 09:23:32] enter
[2026-03-18 09:23:41] a
[2026-03-18 09:23:42] f
[2026-03-18 09:23:42] a
[2026-03-18 09:23:42] d
[2026-03-18 09:23:42] f
[2026-03-18 09:23:42] a
[2026-03-18 09:23:42] f
[2026-03-18 09:23:42] d
[2026-03-18 09:23:42] enter
[2026-03-18 09:23:42] enter
[2026-03-18 09:23:43] enter
[2026-03-18 09:23:43] enter
[2026-03-18 09:23:43] enter
[2026-03-18 09:23:43] ctrl
[2026-03-18 09:23:44] c
[2026-03-18 09:23:44] ctrl
[2026-03-18 09:23:44] z
